ERROR Line 11: 'Fi_GF1_A___OpMPv': Invalid Signal
ERROR Line 16: 'Fi_GF1_A___OpMth': Invalid Signal
ERROR Line 21: 'Fi_GF1_A___OpnPv': Invalid Signal
ERROR Line 26: 'Fi_GF1_A___OpnAc': Invalid Signal
ERROR Line 31: 'Fi_GF1_B___OpMPv': Invalid Signal
ERROR Line 36: 'Fi_GF1_B___OpMth': Invalid Signal
ERROR Line 41: 'Fi_GF1_B___OpnPv': Invalid Signal
ERROR Line 46: 'Fi_GF1_B___OpnAc': Invalid Signal
ERROR Line 51: 'Fi_GF1_C___OpMPv': Invalid Signal
ERROR Line 56: 'Fi_GF1_C___OpMth': Invalid Signal
ERROR Line 61: 'Fi_GF1_C___OpnPv': Invalid Signal
ERROR Line 66: 'Fi_GF1_C___OpnAc': Invalid Signal
ERROR Line 491: 'Fi_GF9_A___OpMPv': Invalid Signal
ERROR Line 496: 'Fi_GF9_A___OpMth': Invalid Signal
ERROR Line 501: 'Fi_GF9_A___OpnPv': Invalid Signal
ERROR Line 506: 'Fi_GF9_A___OpnAc': Invalid Signal
ERROR Line 511: 'Fi_GF9_B___OpMPv': Invalid Signal
ERROR Line 516: 'Fi_GF9_B___OpMth': Invalid Signal
ERROR Line 521: 'Fi_GF9_B___OpnPv': Invalid Signal
ERROR Line 526: 'Fi_GF9_B___OpnAc': Invalid Signal
ERROR Line 531: 'Fi_GF9_C___OpMPv': Invalid Signal
ERROR Line 536: 'Fi_GF9_C___OpMth': Invalid Signal
ERROR Line 541: 'Fi_GF9_C___OpnPv': Invalid Signal
ERROR Line 546: 'Fi_GF9_C___OpnAc': Invalid Signal
