ERROR Line 8: 'Fi_GF1_A___Name': Invalid Signal
ERROR Line 8: 'Fi_GF1_A___OprTSet': Invalid Signal
ERROR Line 8: 'Fi_GF1_A___OpDay': Invalid Signal
ERROR Line 8: 'Fi_GF1_A___OpMnt': Invalid Signal
ERROR Line 8: 'Fi_GF1_A___OpYea': Invalid Signal
ERROR Line 8: 'Fi_GF1_A___OpHou': Invalid Signal
ERROR Line 13: 'Fi_GF1_A___OpOpr': Invalid Signal
ERROR Line 18: 'Fi_GF1_A___OpDay': Invalid Signal
ERROR Line 23: 'Fi_GF1_A___OpYea': Invalid Signal
ERROR Line 28: 'Fi_GF1_A___OpMnt': Invalid Signal
ERROR Line 33: 'Fi_GF1_A___OpHou': Invalid Signal
ERROR Line 39: 'Fi_GF1_B___Name': Invalid Signal
ERROR Line 39: 'Fi_GF1_B___OprTSet': Invalid Signal
ERROR Line 39: 'Fi_GF1_B___OpDay': Invalid Signal
ERROR Line 39: 'Fi_GF1_B___OpMnt': Invalid Signal
ERROR Line 39: 'Fi_GF1_B___OpYea': Invalid Signal
ERROR Line 39: 'Fi_GF1_B___OpHou': Invalid Signal
ERROR Line 44: 'Fi_GF1_B___OpOpr': Invalid Signal
ERROR Line 49: 'Fi_GF1_B___OpDay': Invalid Signal
ERROR Line 54: 'Fi_GF1_B___OpYea': Invalid Signal
ERROR Line 59: 'Fi_GF1_B___OpMnt': Invalid Signal
ERROR Line 64: 'Fi_GF1_B___OpHou': Invalid Signal
ERROR Line 70: 'Fi_GF1_C___Name': Invalid Signal
ERROR Line 70: 'Fi_GF1_C___OprTSet': Invalid Signal
ERROR Line 70: 'Fi_GF1_C___OpDay': Invalid Signal
ERROR Line 70: 'Fi_GF1_C___OpMnt': Invalid Signal
ERROR Line 70: 'Fi_GF1_C___OpYea': Invalid Signal
ERROR Line 70: 'Fi_GF1_C___OpHou': Invalid Signal
ERROR Line 75: 'Fi_GF1_C___OpOpr': Invalid Signal
ERROR Line 80: 'Fi_GF1_C___OpDay': Invalid Signal
ERROR Line 85: 'Fi_GF1_C___OpYea': Invalid Signal
ERROR Line 90: 'Fi_GF1_C___OpMnt': Invalid Signal
ERROR Line 95: 'Fi_GF1_C___OpHou': Invalid Signal
ERROR Line 752: 'Fi_GF9_A___Name': Invalid Signal
ERROR Line 752: 'Fi_GF9_A___OprTSet': Invalid Signal
ERROR Line 752: 'Fi_GF9_A___OpDay': Invalid Signal
ERROR Line 752: 'Fi_GF9_A___OpMnt': Invalid Signal
ERROR Line 752: 'Fi_GF9_A___OpYea': Invalid Signal
ERROR Line 752: 'Fi_GF9_A___OpHou': Invalid Signal
ERROR Line 757: 'Fi_GF9_A___OpOpr': Invalid Signal
ERROR Line 762: 'Fi_GF9_A___OpDay': Invalid Signal
ERROR Line 767: 'Fi_GF9_A___OpYea': Invalid Signal
ERROR Line 772: 'Fi_GF9_A___OpMnt': Invalid Signal
ERROR Line 777: 'Fi_GF9_A___OpHou': Invalid Signal
ERROR Line 783: 'Fi_GF9_B___Name': Invalid Signal
ERROR Line 783: 'Fi_GF9_B___OprTSet': Invalid Signal
ERROR Line 783: 'Fi_GF9_B___OpDay': Invalid Signal
ERROR Line 783: 'Fi_GF9_B___OpMnt': Invalid Signal
ERROR Line 783: 'Fi_GF9_B___OpYea': Invalid Signal
ERROR Line 783: 'Fi_GF9_B___OpHou': Invalid Signal
ERROR Line 788: 'Fi_GF9_B___OpOpr': Invalid Signal
ERROR Line 793: 'Fi_GF9_B___OpDay': Invalid Signal
ERROR Line 798: 'Fi_GF9_B___OpYea': Invalid Signal
ERROR Line 803: 'Fi_GF9_B___OpMnt': Invalid Signal
ERROR Line 808: 'Fi_GF9_B___OpHou': Invalid Signal
ERROR Line 814: 'Fi_GF9_C___Name': Invalid Signal
ERROR Line 814: 'Fi_GF9_C___OprTSet': Invalid Signal
ERROR Line 814: 'Fi_GF9_C___OpDay': Invalid Signal
ERROR Line 814: 'Fi_GF9_C___OpMnt': Invalid Signal
ERROR Line 814: 'Fi_GF9_C___OpYea': Invalid Signal
ERROR Line 814: 'Fi_GF9_C___OpHou': Invalid Signal
ERROR Line 819: 'Fi_GF9_C___OpOpr': Invalid Signal
ERROR Line 824: 'Fi_GF9_C___OpDay': Invalid Signal
ERROR Line 829: 'Fi_GF9_C___OpYea': Invalid Signal
ERROR Line 834: 'Fi_GF9_C___OpMnt': Invalid Signal
ERROR Line 839: 'Fi_GF9_C___OpHou': Invalid Signal
