mbtIw2O: converting /prim_fi/mbtcp/mbtcp1.txt.Iw to /prim_fi/mbtcp/mbtcp1_dyn.txt.preqm using pipe_file /prim_fi/data/txt/pipe.txt
88637 data_tags found in pipe_file /prim_fi/data/txt/pipe.txt
found n= M:  p=21 t=HR o=I f=W r=5745  S=Q_Ch08Queue000  n=119 d=2
found n= M:  p=22 t=HR o=I f=W r=5983  S=Q_Ch09Queue000  n=119 d=2
found n= M:  p=21 t=HR o=I f=B r=2412  S=Fi_StaDeblR00 n=16  d=2
found n= M:  p=21 t=HR o=I f=B r=2413  S=Fi_StaDebl000 n=48  d=2
found n= M:  p=21 t=HR o=I f=B r=2416  S=Fi_StaDebl048 n=192  d=2
found n= M:  p=21 t=HR o=I f=B r=2428  S=Fi_StaMask000 n=48  d=2
found n= M:  p=21 t=HR o=I f=B r=2431  S=Fi_StaMask048 n=16  d=2
found n= M:  p=21 t=HR o=I f=B r=2432  S=Fi_StaMask064 n=192  d=2
found n= M:  p=21 t=HR o=I f=B r=2444  S=Fi_BStMask000 n=256  d=2
found n= M:  p=21 t=HR o=I f=B r=2460  S=Fi_StaImit000 n=48  d=2
found n= M:  p=21 t=HR o=I f=B r=2463  S=Fi_StaImit048 n=16  d=2
found n= M:  p=21 t=HR o=I f=B r=2464  S=Fi_StaImit064 n=192  d=2
found n= M:  p=21 t=HR o=I f=B r=2476  S=Fi_StaTest000 n=48  d=2
found n= M:  p=21 t=HR o=I f=B r=2479  S=Fi_StaTest048 n=16  d=2
found n= M:  p=21 t=HR o=I f=B r=2480  S=Fi_StaTest064 n=192  d=2
found n= M:  p=21 t=HR o=I f=B r=2492  S=Fi_StaProt000 n=48  d=2
found n= M:  p=21 t=HR o=I f=B r=2495  S=Fi_StaProt048 n=16  d=2
found n= M:  p=21 t=HR o=I f=B r=2496  S=Fi_StaProt064 n=192  d=2
found n= M:  p=21 t=HR o=I f=B r=2508  S=Fi_StaTPro000 n=48  d=2
found n= M:  p=21 t=HR o=I f=B r=2511  S=Fi_StaTPro048 n=16  d=2
found n= M:  p=21 t=HR o=I f=B r=2512  S=Fi_StaTPro064 n=192  d=2
found n= M:  p=22 t=HR o=I f=B r=2524  S=Fi_StaEvMs000 n=256  d=2
found n= M:  p=22 t=HR o=I f=B r=2540  S=Fi_BStImit000 n=256  d=2
found n= M:  p=22 t=HR o=I f=B r=2556  S=Fi_Fdd5EvMs000 n=256  d=2
found n= M:  p=22 t=HR o=I f=B r=2572  S=Fi_Fdd1EvMs000 n=256  d=2
found n= M:  p=22 t=HR o=I f=B r=2588  S=Fi_BStTest000 n=256  d=2
found n= M:  p=23 t=HR o=I f=B r=2620  S=Fi_Fdd2EvMs000 n=256  d=2
found n= M:  p=23 t=HR o=I f=B r=2636  S=Fi_BStProt000 n=256  d=2
found n= M:  p=23 t=HR o=I f=B r=2652  S=Fi_Fdd6EvMs000 n=256  d=2
found n= M:  p=23 t=HR o=I f=B r=2668  S=Fi_Fdd3EvMs000 n=256  d=2
found n= M:  p=23 t=HR o=I f=B r=2684  S=Fi_BStTPro000 n=256  d=2
found n= M:  p=24 t=HR o=I f=B r=2700  S=Fi_Fdd7EvMs000 n=256  d=2
found n= M:  p=24 t=HR o=I f=B r=2716  S=Fi_Fdd4EvMs000 n=256  d=2
found n= M:  p=25 t=HR o=I f=B r=2908  S=Fi_StaPhysR00 n=16  d=2
found n= M:  p=25 t=HR o=I f=B r=2909  S=Fi_StaPhys000 n=48  d=2
found n= M:  p=25 t=HR o=I f=B r=2912  S=Fi_StaPhys048 n=192  d=2
found n= M:  p=21 t=HR o=I f=B r=2732  S=Fi_Fe1EvMs000  n=64  d=2
found n= M:  p=21 t=HR o=I f=B r=2736  S=Fi_FR1EvMs000  n=64  d=2
found n= M:  p=21 t=HR o=I f=B r=2740  S=Fi_Fe2EvMs000  n=64  d=2
found n= M:  p=21 t=HR o=I f=B r=2744  S=Fi_FR2EvMs000  n=64  d=2
found n= M:  p=21 t=HR o=I f=B r=2748  S=Fi_Fe3EvMs000  n=64  d=2
found n= M:  p=21 t=HR o=I f=B r=2752  S=Fi_FR3EvMs000  n=64  d=2
found n= M:  p=21 t=HR o=I f=B r=2756  S=Fi_Fe4EvMs000  n=64  d=2
found n= M:  p=21 t=HR o=I f=B r=2760  S=Fi_FR4EvMs000  n=64  d=2
found n= M:  p=21 t=HR o=I f=B r=2764  S=Fi_Fe5EvMs000  n=64  d=2
found n= M:  p=21 t=HR o=I f=B r=2768  S=Fi_FR5EvMs000  n=64  d=2
found n= M:  p=21 t=HR o=I f=B r=2772  S=Fi_Fw5EvMs000  n=64  d=2
found n= M:  p=21 t=HR o=I f=B r=2776  S=Fi_Fp1EvMs000  n=64  d=2
found n= M:  p=21 t=HR o=I f=B r=2780  S=Fi_Fp2EvMs000  n=64  d=2
found n= M:  p=21 t=HR o=I f=B r=2784  S=Fi_Fp3EvMs000  n=64  d=2
found n= M:  p=21 t=HR o=I f=B r=2788  S=Fi_Fp4EvMs000  n=64  d=2
found n= M:  p=21 t=HR o=I f=B r=2924  S=Fi_GF102_1_1PS1_B01 n=16  d=2
found n= M:  p=21 t=HR o=I f=B r=2925  S=Fi_GF102_1_1PS2_B01 n=16  d=2
found n= M:  p=21 t=HR o=I f=B r=2926  S=Fi_GF102_1_4PS1_B01 n=16  d=2
found n= M:  p=21 t=HR o=I f=B r=2927  S=Fi_GF102_1_4PS2_B01 n=16  d=2
found n= M:  p=21 t=HR o=I f=B r=2928  S=Fi_GF102_1_3PS1_B01 n=16  d=2
found n= M:  p=21 t=HR o=I f=B r=2929  S=Fi_GF102_1_3PS2_B01 n=16  d=2
found n= M:  p=21 t=HR o=I f=B r=2930  S=Fi_GF2_A___S1_B01 n=16  d=2
found n= M:  p=21 t=HR o=I f=B r=2931  S=Fi_GF2_A___S2_B01 n=16  d=2
found n= M:  p=21 t=HR o=I f=B r=2932  S=Fi_GF2_B___S1_B01 n=16  d=2
found n= M:  p=21 t=HR o=I f=B r=2933  S=Fi_GF2_B___S2_B01 n=16  d=2
found n= M:  p=21 t=HR o=I f=B r=2934  S=Fi_GF2_C___S1_B01 n=16  d=2
found n= M:  p=21 t=HR o=I f=B r=2935  S=Fi_GF2_C___S2_B01 n=16  d=2
found n= M:  p=21 t=HR o=I f=B r=2936  S=Fi_GF3_A___S1_B01 n=16  d=2
found n= M:  p=21 t=HR o=I f=B r=2937  S=Fi_GF3_A___S2_B01 n=16  d=2
found n= M:  p=21 t=HR o=I f=B r=2938  S=Fi_GF3_B___S1_B01 n=16  d=2
found n= M:  p=21 t=HR o=I f=B r=2939  S=Fi_GF3_B___S2_B01 n=16  d=2
found n= M:  p=21 t=HR o=I f=B r=2940  S=Fi_GF3_C___S1_B01 n=16  d=2
found n= M:  p=21 t=HR o=I f=B r=2941  S=Fi_GF3_C___S2_B01 n=16  d=2
found n= M:  p=21 t=HR o=I f=B r=2942  S=Fi_GF4_A___S1_B01 n=16  d=2
found n= M:  p=21 t=HR o=I f=B r=2943  S=Fi_GF4_A___S2_B01 n=16  d=2
found n= M:  p=21 t=HR o=I f=B r=2944  S=Fi_GF4_B___S1_B01 n=16  d=2
found n= M:  p=21 t=HR o=I f=B r=2945  S=Fi_GF4_B___S2_B01 n=16  d=2
found n= M:  p=21 t=HR o=I f=B r=2946  S=Fi_GF4_C___S1_B01 n=16  d=2
found n= M:  p=21 t=HR o=I f=B r=2947  S=Fi_GF4_C___S2_B01 n=16  d=2
found n= M:  p=21 t=HR o=I f=B r=2948  S=Fi_GF5_A___S1_B01 n=16  d=2
found n= M:  p=21 t=HR o=I f=B r=2949  S=Fi_GF5_A___S2_B01 n=16  d=2
found n= M:  p=21 t=HR o=I f=B r=2950  S=Fi_GF5_B___S1_B01 n=16  d=2
found n= M:  p=21 t=HR o=I f=B r=2951  S=Fi_GF5_B___S2_B01 n=16  d=2
found n= M:  p=21 t=HR o=I f=B r=2952  S=Fi_GF5_C___S1_B01 n=16  d=2
found n= M:  p=21 t=HR o=I f=B r=2953  S=Fi_GF5_C___S2_B01 n=16  d=2
found n= M:  p=21 t=HR o=I f=B r=2954  S=Fi_GF6_A___S1_B01 n=16  d=2
found n= M:  p=21 t=HR o=I f=B r=2955  S=Fi_GF6_A___S2_B01 n=16  d=2
found n= M:  p=21 t=HR o=I f=B r=2956  S=Fi_GF6_B___S1_B01 n=16  d=2
found n= M:  p=21 t=HR o=I f=B r=2957  S=Fi_GF6_B___S2_B01 n=16  d=2
found n= M:  p=21 t=HR o=I f=B r=2958  S=Fi_GF6_C___S1_B01 n=16  d=2
found n= M:  p=21 t=HR o=I f=B r=2959  S=Fi_GF6_C___S2_B01 n=16  d=2
found n= M:  p=21 t=HR o=I f=B r=2960  S=Fi_GF7_A___S1_B01 n=16  d=2
found n= M:  p=21 t=HR o=I f=B r=2961  S=Fi_GF7_A___S2_B01 n=16  d=2
found n= M:  p=21 t=HR o=I f=B r=2962  S=Fi_GF7_B___S1_B01 n=16  d=2
found n= M:  p=21 t=HR o=I f=B r=2963  S=Fi_GF7_B___S2_B01 n=16  d=2
found n= M:  p=21 t=HR o=I f=B r=2964  S=Fi_GF7_C___S1_B01 n=16  d=2
found n= M:  p=21 t=HR o=I f=B r=2965  S=Fi_GF7_C___S2_B01 n=16  d=2
found n= M:  p=21 t=HR o=I f=B r=2966  S=Fi_GF8_A___S1_B01 n=16  d=2
found n= M:  p=21 t=HR o=I f=B r=2967  S=Fi_GF8_A___S2_B01 n=16  d=2
found n= M:  p=21 t=HR o=I f=B r=2968  S=Fi_GF8_B___S1_B01 n=16  d=2
found n= M:  p=21 t=HR o=I f=B r=2969  S=Fi_GF8_B___S2_B01 n=16  d=2
found n= M:  p=21 t=HR o=I f=B r=2970  S=Fi_GF8_C___S1_B01 n=16  d=2
found n= M:  p=21 t=HR o=I f=B r=2971  S=Fi_GF8_C___S2_B01 n=16  d=2
found n= M:  p=21 t=HR o=I f=B r=2972  S=Fi_GF102_9_1PS1_B01 n=16  d=2
found n= M:  p=21 t=HR o=I f=B r=2973  S=Fi_GF102_9_1PS2_B01 n=16  d=2
found n= M:  p=21 t=HR o=I f=B r=2974  S=Fi_GF102_9_2PS1_B01 n=16  d=2
found n= M:  p=21 t=HR o=I f=B r=2975  S=Fi_GF102_9_2PS2_B01 n=16  d=2
found n= M:  p=21 t=HR o=I f=B r=2976  S=Fi_GF102_9_4PS1_B01 n=16  d=2
found n= M:  p=21 t=HR o=I f=B r=2977  S=Fi_GF102_9_4PS2_B01 n=16  d=2
found n= M:  p=21 t=HR o=I f=B r=2978  S=Fi_GF10_A__S1_B01 n=16  d=2
found n= M:  p=21 t=HR o=I f=B r=2979  S=Fi_GF10_A__S2_B01 n=16  d=2
found n= M:  p=21 t=HR o=I f=B r=2980  S=Fi_GF10_B__S1_B01 n=16  d=2
found n= M:  p=21 t=HR o=I f=B r=2981  S=Fi_GF10_B__S2_B01 n=16  d=2
found n= M:  p=21 t=HR o=I f=B r=2982  S=Fi_GF10_C__S1_B01 n=16  d=2
found n= M:  p=21 t=HR o=I f=B r=2983  S=Fi_GF10_C__S2_B01 n=16  d=2
found n= M:  p=21 t=HR o=I f=B r=2984  S=Fi_GF25_A__S1_B01 n=16  d=2
found n= M:  p=21 t=HR o=I f=B r=2985  S=Fi_GF25_A__S2_B01 n=16  d=2
found n= M:  p=21 t=HR o=I f=B r=2986  S=Fi_GF25_B__S1_B01 n=16  d=2
found n= M:  p=21 t=HR o=I f=B r=2987  S=Fi_GF25_B__S2_B01 n=16  d=2
found n= M:  p=21 t=HR o=I f=B r=2988  S=Fi_GF26_A__S1_B01 n=16  d=2
found n= M:  p=21 t=HR o=I f=B r=2989  S=Fi_GF26_A__S2_B01 n=16  d=2
found n= M:  p=21 t=HR o=I f=B r=2990  S=Fi_GF26_B__S1_B01 n=16  d=2
found n= M:  p=21 t=HR o=I f=B r=2991  S=Fi_GF26_B__S2_B01 n=16  d=2
found n= M:  p=21 t=HR o=I f=B r=2992  S=Fi_GF45____S1_B01 n=16  d=2
found n= M:  p=21 t=HR o=I f=B r=2993  S=Fi_GF45____S2_B01 n=16  d=2
found n= M:  p=21 t=HR o=I f=B r=2994  S=Fi_GF82____S1_B01 n=16  d=2
found n= M:  p=21 t=HR o=I f=B r=2995  S=Fi_GF82____S2_B01 n=16  d=2
found n= M:  p=21 t=HR o=I f=B r=2996  S=Fi_GF285___S1_B01 n=16  d=2
found n= M:  p=21 t=HR o=I f=B r=2997  S=Fi_GF285___S2_B01 n=16  d=2
found n= M:  p=21 t=HR o=I f=B r=2998  S=Fi_GF322___S1_B01 n=16  d=2
found n= M:  p=21 t=HR o=I f=B r=2999  S=Fi_GF322___S2_B01 n=16  d=2
found n= M:  p=21 t=HR o=I f=B r=3000  S=Fi_GF83____S1_B01 n=16  d=2
found n= M:  p=21 t=HR o=I f=B r=3001  S=Fi_GF83____S2_B01 n=16  d=2
found n= M:  p=21 t=HR o=I f=B r=3002  S=Fi_GF81____S1_B01 n=16  d=2
found n= M:  p=21 t=HR o=I f=B r=3003  S=Fi_GF81____S2_B01 n=16  d=2
found n= M:  p=21 t=HR o=I f=B r=3004  S=Fi_GF330___S1_B01 n=16  d=2
found n= M:  p=21 t=HR o=I f=B r=3005  S=Fi_GF330___S2_B01 n=16  d=2
found n= M:  p=21 t=HR o=I f=B r=3006  S=Fi_GF288___S1_B01 n=16  d=2
found n= M:  p=21 t=HR o=I f=B r=3007  S=Fi_GF288___S2_B01 n=16  d=2
found n= M:  p=21 t=HR o=I f=B r=3008  S=Fi_GF27_1__S1_B01 n=16  d=2
found n= M:  p=21 t=HR o=I f=B r=3009  S=Fi_GF27_1__S2_B01 n=16  d=2
found n= M:  p=21 t=HR o=I f=B r=3010  S=Fi_GF27_2__S1_B01 n=16  d=2
found n= M:  p=21 t=HR o=I f=B r=3011  S=Fi_GF27_2__S2_B01 n=16  d=2
found n= M:  p=21 t=HR o=I f=B r=3012  S=Fi_GF28_1__S1_B01 n=16  d=2
found n= M:  p=21 t=HR o=I f=B r=3013  S=Fi_GF28_1__S2_B01 n=16  d=2
found n= M:  p=21 t=HR o=I f=B r=3014  S=Fi_GF28_2__S1_B01 n=16  d=2
found n= M:  p=21 t=HR o=I f=B r=3015  S=Fi_GF28_2__S2_B01 n=16  d=2
found n= M:  p=21 t=HR o=I f=B r=3016  S=Fi_GF29_1__S1_B01 n=16  d=2
found n= M:  p=21 t=HR o=I f=B r=3017  S=Fi_GF29_1__S2_B01 n=16  d=2
found n= M:  p=21 t=HR o=I f=B r=3018  S=Fi_GF29_2__S1_B01 n=16  d=2
found n= M:  p=21 t=HR o=I f=B r=3019  S=Fi_GF29_2__S2_B01 n=16  d=2
found n= M:  p=21 t=HR o=I f=B r=3020  S=Fi_GFY1____S1_B01 n=16  d=2
found n= M:  p=21 t=HR o=I f=B r=3021  S=Fi_GFY1____S2_B01 n=16  d=2
found n= M:  p=21 t=HR o=I f=B r=3022  S=Fi_GF212___S1_B01 n=16  d=2
found n= M:  p=21 t=HR o=I f=B r=3023  S=Fi_GF212___S2_B01 n=16  d=2
found n= M:  p=21 t=HR o=I f=B r=3024  S=Fi_GF236___S1_B01 n=16  d=2
found n= M:  p=21 t=HR o=I f=B r=3025  S=Fi_GF236___S2_B01 n=16  d=2
found n= M:  p=21 t=HR o=I f=B r=3026  S=Fi_GF87____S1_B01 n=16  d=2
found n= M:  p=21 t=HR o=I f=B r=3027  S=Fi_GF87____S2_B01 n=16  d=2
found n= M:  p=21 t=HR o=I f=B r=3028  S=Fi_GF88____S1_B01 n=16  d=2
found n= M:  p=21 t=HR o=I f=B r=3029  S=Fi_GF88____S2_B01 n=16  d=2
found n= M:  p=21 t=HR o=I f=B r=3030  S=Fi_GF141___S1_B01 n=16  d=2
found n= M:  p=21 t=HR o=I f=B r=3031  S=Fi_GF141___S2_B01 n=16  d=2
found n= M:  p=21 t=HR o=I f=B r=3032  S=Fi_GF134___S1_B01 n=16  d=2
found n= M:  p=21 t=HR o=I f=B r=3033  S=Fi_GF134___S2_B01 n=16  d=2
found n= M:  p=21 t=HR o=I f=B r=3034  S=Fi_GF143___S1_B01 n=16  d=2
found n= M:  p=21 t=HR o=I f=B r=3035  S=Fi_GF143___S2_B01 n=16  d=2
found n= M:  p=21 t=HR o=I f=B r=3036  S=Fi_GF136___S1_B01 n=16  d=2
found n= M:  p=21 t=HR o=I f=B r=3037  S=Fi_GF136___S2_B01 n=16  d=2
found n= M:  p=21 t=HR o=I f=B r=3038  S=Fi_GF145___S1_B01 n=16  d=2
found n= M:  p=21 t=HR o=I f=B r=3039  S=Fi_GF145___S2_B01 n=16  d=2
found n= M:  p=21 t=HR o=I f=B r=3040  S=Fi_GF138___S1_B01 n=16  d=2
found n= M:  p=21 t=HR o=I f=B r=3041  S=Fi_GF138___S2_B01 n=16  d=2
found n= M:  p=21 t=HR o=I f=B r=3042  S=Fi_GFa_4_1_S1_B01 n=16  d=2
found n= M:  p=21 t=HR o=I f=B r=3043  S=Fi_GFa_4_1_S2_B01 n=16  d=2
found n= M:  p=21 t=HR o=I f=B r=3044  S=Fi_GFa_4_2_S1_B01 n=16  d=2
found n= M:  p=21 t=HR o=I f=B r=3045  S=Fi_GFa_4_2_S2_B01 n=16  d=2
found n= M:  p=21 t=HR o=I f=B r=3046  S=Fi_GF155___S1_B01 n=16  d=2
found n= M:  p=21 t=HR o=I f=B r=3047  S=Fi_GF155___S2_B01 n=16  d=2
found n= M:  p=22 t=HR o=I f=B r=3048  S=Fi_GF148___S1_B01 n=16  d=2
found n= M:  p=22 t=HR o=I f=B r=3049  S=Fi_GF148___S2_B01 n=16  d=2
found n= M:  p=22 t=HR o=I f=B r=3050  S=Fi_GF157___S1_B01 n=16  d=2
found n= M:  p=22 t=HR o=I f=B r=3051  S=Fi_GF157___S2_B01 n=16  d=2
found n= M:  p=22 t=HR o=I f=B r=3052  S=Fi_GF150___S1_B01 n=16  d=2
found n= M:  p=22 t=HR o=I f=B r=3053  S=Fi_GF150___S2_B01 n=16  d=2
found n= M:  p=22 t=HR o=I f=B r=3054  S=Fi_GF159___S1_B01 n=16  d=2
found n= M:  p=22 t=HR o=I f=B r=3055  S=Fi_GF159___S2_B01 n=16  d=2
found n= M:  p=22 t=HR o=I f=B r=3056  S=Fi_GF152___S1_B01 n=16  d=2
found n= M:  p=22 t=HR o=I f=B r=3057  S=Fi_GF152___S2_B01 n=16  d=2
found n= M:  p=22 t=HR o=I f=B r=3058  S=Fi_GFb_4_1_S1_B01 n=16  d=2
found n= M:  p=22 t=HR o=I f=B r=3059  S=Fi_GFb_4_1_S2_B01 n=16  d=2
found n= M:  p=22 t=HR o=I f=B r=3060  S=Fi_GFb_4_2_S1_B01 n=16  d=2
found n= M:  p=22 t=HR o=I f=B r=3061  S=Fi_GFb_4_2_S2_B01 n=16  d=2
found n= M:  p=22 t=HR o=I f=B r=3062  S=Fi_GF102_2_1PS1_B01 n=16  d=2
found n= M:  p=22 t=HR o=I f=B r=3063  S=Fi_GF102_2_1PS2_B01 n=16  d=2
found n= M:  p=22 t=HR o=I f=B r=3064  S=Fi_GF102_2_1VS1_B01 n=16  d=2
found n= M:  p=22 t=HR o=I f=B r=3065  S=Fi_GF102_2_1VS2_B01 n=16  d=2
found n= M:  p=22 t=HR o=I f=B r=3066  S=Fi_GF102_2_2PS1_B01 n=16  d=2
found n= M:  p=22 t=HR o=I f=B r=3067  S=Fi_GF102_2_2PS2_B01 n=16  d=2
found n= M:  p=22 t=HR o=I f=B r=3068  S=Fi_GF102_2_3PS1_B01 n=16  d=2
found n= M:  p=22 t=HR o=I f=B r=3069  S=Fi_GF102_2_3PS2_B01 n=16  d=2
found n= M:  p=22 t=HR o=I f=B r=3070  S=Fi_GF102_2_4PS1_B01 n=16  d=2
found n= M:  p=22 t=HR o=I f=B r=3071  S=Fi_GF102_2_4PS2_B01 n=16  d=2
found n= M:  p=22 t=HR o=I f=B r=3072  S=Fi_GF102_2_2VS1_B01 n=16  d=2
found n= M:  p=22 t=HR o=I f=B r=3073  S=Fi_GF102_2_2VS2_B01 n=16  d=2
found n= M:  p=22 t=HR o=I f=B r=3074  S=Fi_GF102_2_5PS1_B01 n=16  d=2
found n= M:  p=22 t=HR o=I f=B r=3075  S=Fi_GF102_2_5PS2_B01 n=16  d=2
found n= M:  p=22 t=HR o=I f=B r=3076  S=Fi_GF102_6_1PS1_B01 n=16  d=2
found n= M:  p=22 t=HR o=I f=B r=3077  S=Fi_GF102_6_1PS2_B01 n=16  d=2
found n= M:  p=22 t=HR o=I f=B r=3078  S=Fi_GF102_6_2PS1_B01 n=16  d=2
found n= M:  p=22 t=HR o=I f=B r=3079  S=Fi_GF102_6_2PS2_B01 n=16  d=2
found n= M:  p=22 t=HR o=I f=B r=3080  S=Fi_GF102_6_3PS1_B01 n=16  d=2
found n= M:  p=22 t=HR o=I f=B r=3081  S=Fi_GF102_6_3PS2_B01 n=16  d=2
found n= M:  p=22 t=HR o=I f=B r=3082  S=Fi_GF102_6_1VS1_B01 n=16  d=2
found n= M:  p=22 t=HR o=I f=B r=3083  S=Fi_GF102_6_1VS2_B01 n=16  d=2
found n= M:  p=22 t=HR o=I f=B r=3084  S=Fi_GF102_6_4PS1_B01 n=16  d=2
found n= M:  p=22 t=HR o=I f=B r=3085  S=Fi_GF102_6_4PS2_B01 n=16  d=2
found n= M:  p=22 t=HR o=I f=B r=3086  S=Fi_GF102_6_5PS1_B01 n=16  d=2
found n= M:  p=22 t=HR o=I f=B r=3087  S=Fi_GF102_6_5PS2_B01 n=16  d=2
found n= M:  p=22 t=HR o=I f=B r=3088  S=Fi_GF102_6_2VS1_B01 n=16  d=2
found n= M:  p=22 t=HR o=I f=B r=3089  S=Fi_GF102_6_2VS2_B01 n=16  d=2
found n= M:  p=22 t=HR o=I f=B r=3090  S=Fi_GF102_3_1PS1_B01 n=16  d=2
found n= M:  p=22 t=HR o=I f=B r=3091  S=Fi_GF102_3_1PS2_B01 n=16  d=2
found n= M:  p=22 t=HR o=I f=B r=3092  S=Fi_GF102_3_2PS1_B01 n=16  d=2
found n= M:  p=22 t=HR o=I f=B r=3093  S=Fi_GF102_3_2PS2_B01 n=16  d=2
found n= M:  p=22 t=HR o=I f=B r=3094  S=Fi_GF102_3_1VS1_B01 n=16  d=2
found n= M:  p=22 t=HR o=I f=B r=3095  S=Fi_GF102_3_1VS2_B01 n=16  d=2
found n= M:  p=22 t=HR o=I f=B r=3096  S=Fi_GF102_3_2VS1_B01 n=16  d=2
found n= M:  p=22 t=HR o=I f=B r=3097  S=Fi_GF102_3_2VS2_B01 n=16  d=2
found n= M:  p=22 t=HR o=I f=B r=3098  S=Fi_GF102_3_3PS1_B01 n=16  d=2
found n= M:  p=22 t=HR o=I f=B r=3099  S=Fi_GF102_3_3PS2_B01 n=16  d=2
found n= M:  p=22 t=HR o=I f=B r=3100  S=Fi_GF102_3_4PS1_B01 n=16  d=2
found n= M:  p=22 t=HR o=I f=B r=3101  S=Fi_GF102_3_4PS2_B01 n=16  d=2
found n= M:  p=22 t=HR o=I f=B r=3102  S=Fi_GF102_3_5PS1_B01 n=16  d=2
found n= M:  p=22 t=HR o=I f=B r=3103  S=Fi_GF102_3_5PS2_B01 n=16  d=2
found n= M:  p=22 t=HR o=I f=B r=3104  S=Fi_GF102_4_1VS1_B01 n=16  d=2
found n= M:  p=22 t=HR o=I f=B r=3105  S=Fi_GF102_4_1VS2_B01 n=16  d=2
found n= M:  p=22 t=HR o=I f=B r=3106  S=Fi_GF102_4_2VS1_B01 n=16  d=2
found n= M:  p=22 t=HR o=I f=B r=3107  S=Fi_GF102_4_2VS2_B01 n=16  d=2
found n= M:  p=22 t=HR o=I f=B r=3108  S=Fi_GF102_4_1PS1_B01 n=16  d=2
found n= M:  p=22 t=HR o=I f=B r=3109  S=Fi_GF102_4_1PS2_B01 n=16  d=2
found n= M:  p=22 t=HR o=I f=B r=3110  S=Fi_GF102_4_2PS1_B01 n=16  d=2
found n= M:  p=22 t=HR o=I f=B r=3111  S=Fi_GF102_4_2PS2_B01 n=16  d=2
found n= M:  p=22 t=HR o=I f=B r=3112  S=Fi_GF102_4_3PS1_B01 n=16  d=2
found n= M:  p=22 t=HR o=I f=B r=3113  S=Fi_GF102_4_3PS2_B01 n=16  d=2
found n= M:  p=22 t=HR o=I f=B r=3114  S=Fi_GF102_4_4PS1_B01 n=16  d=2
found n= M:  p=22 t=HR o=I f=B r=3115  S=Fi_GF102_4_4PS2_B01 n=16  d=2
found n= M:  p=22 t=HR o=I f=B r=3116  S=Fi_GF102_4_5PS1_B01 n=16  d=2
found n= M:  p=22 t=HR o=I f=B r=3117  S=Fi_GF102_4_5PS2_B01 n=16  d=2
found n= M:  p=22 t=HR o=I f=B r=3118  S=Fi_GFR015__S1_B01 n=16  d=2
found n= M:  p=22 t=HR o=I f=B r=3119  S=Fi_GFR015__S2_B01 n=16  d=2
found n= M:  p=22 t=HR o=I f=B r=3120  S=Fi_GFR016__S1_B01 n=16  d=2
found n= M:  p=22 t=HR o=I f=B r=3121  S=Fi_GFR016__S2_B01 n=16  d=2
found n= M:  p=22 t=HR o=I f=B r=3122  S=Fi_GFR017__S1_B01 n=16  d=2
found n= M:  p=22 t=HR o=I f=B r=3123  S=Fi_GFR017__S2_B01 n=16  d=2
found n= M:  p=22 t=HR o=I f=B r=3124  S=Fi_GFR018__S1_B01 n=16  d=2
found n= M:  p=22 t=HR o=I f=B r=3125  S=Fi_GFR018__S2_B01 n=16  d=2
found n= M:  p=22 t=HR o=I f=B r=3126  S=Fi_GFR019__S1_B01 n=16  d=2
found n= M:  p=22 t=HR o=I f=B r=3127  S=Fi_GFR019__S2_B01 n=16  d=2
found n= M:  p=22 t=HR o=I f=B r=3128  S=Fi_GFR020__S1_B01 n=16  d=2
found n= M:  p=22 t=HR o=I f=B r=3129  S=Fi_GFR020__S2_B01 n=16  d=2
found n= M:  p=22 t=HR o=I f=B r=3130  S=Fi_GFR021__S1_B01 n=16  d=2
found n= M:  p=22 t=HR o=I f=B r=3131  S=Fi_GFR021__S2_B01 n=16  d=2
found n= M:  p=22 t=HR o=I f=B r=3132  S=Fi_GFR022__S1_B01 n=16  d=2
found n= M:  p=22 t=HR o=I f=B r=3133  S=Fi_GFR022__S2_B01 n=16  d=2
found n= M:  p=22 t=HR o=I f=B r=3134  S=Fi_GFR023__S1_B01 n=16  d=2
found n= M:  p=22 t=HR o=I f=B r=3135  S=Fi_GFR023__S2_B01 n=16  d=2
found n= M:  p=22 t=HR o=I f=B r=3136  S=Fi_GFR024__S1_B01 n=16  d=2
found n= M:  p=22 t=HR o=I f=B r=3137  S=Fi_GFR024__S2_B01 n=16  d=2
found n= M:  p=22 t=HR o=I f=B r=3138  S=Fi_GFR025__S1_B01 n=16  d=2
found n= M:  p=22 t=HR o=I f=B r=3139  S=Fi_GFR025__S2_B01 n=16  d=2
found n= M:  p=22 t=HR o=I f=B r=3140  S=Fi_GFR026__S1_B01 n=16  d=2
found n= M:  p=22 t=HR o=I f=B r=3141  S=Fi_GFR026__S2_B01 n=16  d=2
found n= M:  p=22 t=HR o=I f=B r=3142  S=Fi_GFR027__S1_B01 n=16  d=2
found n= M:  p=22 t=HR o=I f=B r=3143  S=Fi_GFR027__S2_B01 n=16  d=2
found n= M:  p=22 t=HR o=I f=B r=3144  S=Fi_GFR028__S1_B01 n=16  d=2
found n= M:  p=22 t=HR o=I f=B r=3145  S=Fi_GFR028__S2_B01 n=16  d=2
found n= M:  p=22 t=HR o=I f=B r=3146  S=Fi_GFR029__S1_B01 n=16  d=2
found n= M:  p=22 t=HR o=I f=B r=3147  S=Fi_GFR029__S2_B01 n=16  d=2
found n= M:  p=22 t=HR o=I f=B r=3148  S=Fi_GFR030__S1_B01 n=16  d=2
found n= M:  p=22 t=HR o=I f=B r=3149  S=Fi_GFR030__S2_B01 n=16  d=2
found n= M:  p=22 t=HR o=I f=B r=3150  S=Fi_GFR031__S1_B01 n=16  d=2
found n= M:  p=22 t=HR o=I f=B r=3151  S=Fi_GFR031__S2_B01 n=16  d=2
found n= M:  p=22 t=HR o=I f=B r=3152  S=Fi_GFR032__S1_B01 n=16  d=2
found n= M:  p=22 t=HR o=I f=B r=3153  S=Fi_GFR032__S2_B01 n=16  d=2
found n= M:  p=22 t=HR o=I f=B r=3154  S=Fi_GFR033__S1_B01 n=16  d=2
found n= M:  p=22 t=HR o=I f=B r=3155  S=Fi_GFR033__S2_B01 n=16  d=2
found n= M:  p=22 t=HR o=I f=B r=3156  S=Fi_GFR034__S1_B01 n=16  d=2
found n= M:  p=22 t=HR o=I f=B r=3157  S=Fi_GFR034__S2_B01 n=16  d=2
found n= M:  p=22 t=HR o=I f=B r=3158  S=Fi_GFR035__S1_B01 n=16  d=2
found n= M:  p=22 t=HR o=I f=B r=3159  S=Fi_GFR035__S2_B01 n=16  d=2
found n= M:  p=22 t=HR o=I f=B r=3160  S=Fi_GFR036__S1_B01 n=16  d=2
found n= M:  p=22 t=HR o=I f=B r=3161  S=Fi_GFR036__S2_B01 n=16  d=2
found n= M:  p=22 t=HR o=I f=B r=3162  S=Fi_GFR037__S1_B01 n=16  d=2
found n= M:  p=22 t=HR o=I f=B r=3163  S=Fi_GFR037__S2_B01 n=16  d=2
found n= M:  p=22 t=HR o=I f=B r=3164  S=Fi_GFR038__S1_B01 n=16  d=2
found n= M:  p=22 t=HR o=I f=B r=3165  S=Fi_GFR038__S2_B01 n=16  d=2
found n= M:  p=22 t=HR o=I f=B r=3166  S=Fi_GFR039__S1_B01 n=16  d=2
found n= M:  p=22 t=HR o=I f=B r=3167  S=Fi_GFR039__S2_B01 n=16  d=2
found n= M:  p=22 t=HR o=I f=B r=3168  S=Fi_GFR040__S1_B01 n=16  d=2
found n= M:  p=22 t=HR o=I f=B r=3169  S=Fi_GFR040__S2_B01 n=16  d=2
found n= M:  p=22 t=HR o=I f=B r=3170  S=Fi_GFR041__S1_B01 n=16  d=2
found n= M:  p=22 t=HR o=I f=B r=3171  S=Fi_GFR041__S2_B01 n=16  d=2
found n= M:  p=23 t=HR o=I f=B r=3172  S=Fi_GFR042__S1_B01 n=16  d=2
found n= M:  p=23 t=HR o=I f=B r=3173  S=Fi_GFR042__S2_B01 n=16  d=2
found n= M:  p=23 t=HR o=I f=B r=3174  S=Fi_GFR043__S1_B01 n=16  d=2
found n= M:  p=23 t=HR o=I f=B r=3175  S=Fi_GFR043__S2_B01 n=16  d=2
found n= M:  p=23 t=HR o=I f=B r=3176  S=Fi_GFR044__S1_B01 n=16  d=2
found n= M:  p=23 t=HR o=I f=B r=3177  S=Fi_GFR044__S2_B01 n=16  d=2
found n= M:  p=23 t=HR o=I f=B r=3178  S=Fi_GFR045__S1_B01 n=16  d=2
found n= M:  p=23 t=HR o=I f=B r=3179  S=Fi_GFR045__S2_B01 n=16  d=2
found n= M:  p=23 t=HR o=I f=B r=3180  S=Fi_GFR046__S1_B01 n=16  d=2
found n= M:  p=23 t=HR o=I f=B r=3181  S=Fi_GFR046__S2_B01 n=16  d=2
found n= M:  p=23 t=HR o=I f=B r=3182  S=Fi_GFR047__S1_B01 n=16  d=2
found n= M:  p=23 t=HR o=I f=B r=3183  S=Fi_GFR047__S2_B01 n=16  d=2
found n= M:  p=23 t=HR o=I f=B r=3184  S=Fi_GFR048__S1_B01 n=16  d=2
found n= M:  p=23 t=HR o=I f=B r=3185  S=Fi_GFR048__S2_B01 n=16  d=2
found n= M:  p=23 t=HR o=I f=B r=3186  S=Fi_GFR049__S1_B01 n=16  d=2
found n= M:  p=23 t=HR o=I f=B r=3187  S=Fi_GFR049__S2_B01 n=16  d=2
found n= M:  p=23 t=HR o=I f=B r=3188  S=Fi_GFR050__S1_B01 n=16  d=2
found n= M:  p=23 t=HR o=I f=B r=3189  S=Fi_GFR050__S2_B01 n=16  d=2
found n= M:  p=23 t=HR o=I f=B r=3190  S=Fi_GFR051__S1_B01 n=16  d=2
found n= M:  p=23 t=HR o=I f=B r=3191  S=Fi_GFR051__S2_B01 n=16  d=2
found n= M:  p=23 t=HR o=I f=B r=3192  S=Fi_GFR052__S1_B01 n=16  d=2
found n= M:  p=23 t=HR o=I f=B r=3193  S=Fi_GFR052__S2_B01 n=16  d=2
found n= M:  p=23 t=HR o=I f=B r=3194  S=Fi_GFR053__S1_B01 n=16  d=2
found n= M:  p=23 t=HR o=I f=B r=3195  S=Fi_GFR053__S2_B01 n=16  d=2
found n= M:  p=23 t=HR o=I f=B r=3196  S=Fi_GFR054__S1_B01 n=16  d=2
found n= M:  p=23 t=HR o=I f=B r=3197  S=Fi_GFR054__S2_B01 n=16  d=2
found n= M:  p=23 t=HR o=I f=B r=3198  S=Fi_GFR055__S1_B01 n=16  d=2
found n= M:  p=23 t=HR o=I f=B r=3199  S=Fi_GFR055__S2_B01 n=16  d=2
found n= M:  p=23 t=HR o=I f=B r=3200  S=Fi_GFR056__S1_B01 n=16  d=2
found n= M:  p=23 t=HR o=I f=B r=3201  S=Fi_GFR056__S2_B01 n=16  d=2
found n= M:  p=23 t=HR o=I f=B r=3202  S=Fi_GF811___S1_B01 n=16  d=2
found n= M:  p=23 t=HR o=I f=B r=3203  S=Fi_GF811___S2_B01 n=16  d=2
found n= M:  p=23 t=HR o=I f=B r=3204  S=Fi_GF812___S1_B01 n=16  d=2
found n= M:  p=23 t=HR o=I f=B r=3205  S=Fi_GF812___S2_B01 n=16  d=2
found n= M:  p=23 t=HR o=I f=B r=3206  S=Fi_GF813___S1_B01 n=16  d=2
found n= M:  p=23 t=HR o=I f=B r=3207  S=Fi_GF813___S2_B01 n=16  d=2
found n= M:  p=23 t=HR o=I f=B r=3208  S=Fi_GF814___S1_B01 n=16  d=2
found n= M:  p=23 t=HR o=I f=B r=3209  S=Fi_GF814___S2_B01 n=16  d=2
found n= M:  p=23 t=HR o=I f=B r=3210  S=Fi_GF815___S1_B01 n=16  d=2
found n= M:  p=23 t=HR o=I f=B r=3211  S=Fi_GF815___S2_B01 n=16  d=2
found n= M:  p=23 t=HR o=I f=B r=3212  S=Fi_GF816___S1_B01 n=16  d=2
found n= M:  p=23 t=HR o=I f=B r=3213  S=Fi_GF816___S2_B01 n=16  d=2
found n= M:  p=23 t=HR o=I f=B r=3214  S=Fi_GF817___S1_B01 n=16  d=2
found n= M:  p=23 t=HR o=I f=B r=3215  S=Fi_GF817___S2_B01 n=16  d=2
found n= M:  p=23 t=HR o=I f=B r=3216  S=Fi_GF818___S1_B01 n=16  d=2
found n= M:  p=23 t=HR o=I f=B r=3217  S=Fi_GF818___S2_B01 n=16  d=2
found n= M:  p=23 t=HR o=I f=B r=3218  S=Fi_GFP1____S1_B01 n=16  d=2
found n= M:  p=23 t=HR o=I f=B r=3219  S=Fi_GFP1____S2_B01 n=16  d=2
found n= M:  p=23 t=HR o=I f=B r=3220  S=Fi_GFP2____S1_B01 n=16  d=2
found n= M:  p=23 t=HR o=I f=B r=3221  S=Fi_GFP2____S2_B01 n=16  d=2
found n= M:  p=23 t=HR o=I f=B r=3222  S=Fi_GFP3____S1_B01 n=16  d=2
found n= M:  p=23 t=HR o=I f=B r=3223  S=Fi_GFP3____S2_B01 n=16  d=2
found n= M:  p=23 t=HR o=I f=B r=3224  S=Fi_GFP4____S1_B01 n=16  d=2
found n= M:  p=23 t=HR o=I f=B r=3225  S=Fi_GFP4____S2_B01 n=16  d=2
found n= M:  p=23 t=HR o=I f=B r=3226  S=Fi_GF102_1_2PS1_B01 n=16  d=2
found n= M:  p=23 t=HR o=I f=B r=3227  S=Fi_GF102_1_2PS2_B01 n=16  d=2
found n= M:  p=23 t=HR o=I f=B r=3228  S=Fi_GF102_1_1VS1_B01 n=16  d=2
found n= M:  p=23 t=HR o=I f=B r=3229  S=Fi_GF102_1_1VS2_B01 n=16  d=2
found n= M:  p=23 t=HR o=I f=B r=3230  S=Fi_GF102_1_5PS1_B01 n=16  d=2
found n= M:  p=23 t=HR o=I f=B r=3231  S=Fi_GF102_1_5PS2_B01 n=16  d=2
found n= M:  p=23 t=HR o=I f=B r=3232  S=Fi_GF102_1_2VS1_B01 n=16  d=2
found n= M:  p=23 t=HR o=I f=B r=3233  S=Fi_GF102_1_2VS2_B01 n=16  d=2
found n= M:  p=23 t=HR o=I f=B r=3234  S=Fi_GF102_9_5PS1_B01 n=16  d=2
found n= M:  p=23 t=HR o=I f=B r=3235  S=Fi_GF102_9_5PS2_B01 n=16  d=2
found n= M:  p=23 t=HR o=I f=B r=3236  S=Fi_GF102_9_2VS1_B01 n=16  d=2
found n= M:  p=23 t=HR o=I f=B r=3237  S=Fi_GF102_9_2VS2_B01 n=16  d=2
found n= M:  p=23 t=HR o=I f=B r=3238  S=Fi_GF102_9_3PS1_B01 n=16  d=2
found n= M:  p=23 t=HR o=I f=B r=3239  S=Fi_GF102_9_3PS2_B01 n=16  d=2
found n= M:  p=23 t=HR o=I f=B r=3240  S=Fi_GF102_9_1VS1_B01 n=16  d=2
found n= M:  p=23 t=HR o=I f=B r=3241  S=Fi_GF102_9_1VS2_B01 n=16  d=2
found n= M:  p=23 t=HR o=I f=B r=3242  S=Fi_GI368_7_S1_B01 n=16  d=2
found n= M:  p=23 t=HR o=I f=B r=3243  S=Fi_GI368_7_S2_B01 n=16  d=2
found n= M:  p=25 t=HR o=I f=B r=4506  S=Fi_AStDeblR00 n=16  d=2
found n= M:  p=25 t=HR o=I f=B r=4507  S=Fi_AStDebl000 n=48  d=2
found n= M:  p=25 t=HR o=I f=B r=4510  S=Fi_AStDebl048 n=192  d=2
found n= M:  p=25 t=HR o=I f=B r=4522  S=Fi_AStMask000 n=48  d=2
found n= M:  p=25 t=HR o=I f=B r=4525  S=Fi_AStMask048 n=16  d=2
found n= M:  p=25 t=HR o=I f=B r=4526  S=Fi_AStMask064 n=192  d=2
found n= M:  p=25 t=HR o=I f=B r=4538  S=Fi_CStMask000 n=256  d=2
found n= M:  p=25 t=HR o=I f=B r=4554  S=Fi_AStImit000 n=48  d=2
found n= M:  p=25 t=HR o=I f=B r=4557  S=Fi_AStImit048 n=16  d=2
found n= M:  p=25 t=HR o=I f=B r=4558  S=Fi_AStImit064 n=192  d=2
found n= M:  p=25 t=HR o=I f=B r=4570  S=Fi_AStTest000 n=48  d=2
found n= M:  p=25 t=HR o=I f=B r=4573  S=Fi_AStTest048 n=16  d=2
found n= M:  p=25 t=HR o=I f=B r=4574  S=Fi_AStTest064 n=192  d=2
found n= M:  p=25 t=HR o=I f=B r=4586  S=Fi_AStProt000 n=48  d=2
found n= M:  p=25 t=HR o=I f=B r=4589  S=Fi_AStProt048 n=16  d=2
found n= M:  p=25 t=HR o=I f=B r=4590  S=Fi_AStProt064 n=192  d=2
found n= M:  p=21 t=HR o=I f=B r=4602  S=Fi_AStTPro000 n=48  d=2
found n= M:  p=21 t=HR o=I f=B r=4605  S=Fi_AStTPro048 n=16  d=2
found n= M:  p=21 t=HR o=I f=B r=4606  S=Fi_AStTPro064 n=192  d=2
found n= M:  p=21 t=HR o=I f=B r=4618  S=Fi_AStEvMs000 n=256  d=2
found n= M:  p=21 t=HR o=I f=B r=4634  S=Fi_CStImit000 n=256  d=2
found n= M:  p=22 t=HR o=I f=B r=4682  S=Fi_CStTest000 n=256  d=2
found n= M:  p=23 t=HR o=I f=B r=4730  S=Fi_CStProt000 n=256  d=2
found n= M:  p=24 t=HR o=I f=B r=4778  S=Fi_CStTPro000 n=256  d=2
found n= M:  p=25 t=HR o=I f=B r=4826  S=Fi_FE01TEvMs000 n=256  d=2
found n= M:  p=21 t=HR o=I f=B r=4906  S=Fi_T25EvMs000 n=256  d=2
found n= M:  p=22 t=HR o=I f=B r=4954  S=Fi_RemOT1S000 n=256  d=2
found n= M:  p=22 t=HR o=I f=B r=4970  S=Fi_RemOT2S000 n=256  d=2
found n= M:  p=22 t=HR o=I f=B r=4986  S=Fi_ChangeS000 n=256  d=2
found n= M:  p=22 t=HR o=I f=B r=5002  S=Fi_AStPhysR00 n=16  d=2
found n= M:  p=22 t=HR o=I f=B r=5003  S=Fi_AStPhys000 n=48  d=2
found n= M:  p=22 t=HR o=I f=B r=5006  S=Fi_AStPhys048 n=192  d=2
found o=Iw and FUNC: ELSE Q0;: commenting object OBJ: Fi_DutyWrite
inserting o=O objects in "always_write" mode
found o=Iw and FUNC: ELSE Q0;: commenting object OBJ: Fi_ControlWrite
inserting o=O objects in "always_write" mode
found o=Iw and FUNC: ELSE Q0;: commenting object OBJ: Fi_OtherWrite
inserting o=O objects in "always_write" mode
found o=Iw and FUNC: ELSE Q0;: commenting object OBJ: Fi_GVControlWrite
inserting o=O objects in "always_write" mode
found o=Iw and FUNC: ELSE Q0;: commenting object OBJ: Fi_AnalogControlWrite
inserting o=O objects in "always_write" mode
found o=Iw and not found FUNC: ELSE Q0;: changing object OBJ: Fi_LimitValues
inserting o=O objects in "always_writeS" mode
found o=Iw and not found FUNC: ELSE Q0;: changing object OBJ: Fi_Timer1
inserting o=O objects in "always_writeS" mode
found o=Iw and not found FUNC: ELSE Q0;: changing object OBJ: Fi_Timer1
inserting o=O objects in "always_writeS" mode
found o=Iw and not found FUNC: ELSE Q0;: changing object OBJ: Fi_Timer3
inserting o=O objects in "always_writeS" mode
found o=Iw and not found FUNC: ELSE Q0;: changing object OBJ: Fi_GVTypeDescriptors
inserting o=O objects in "always_writeS" mode
found o=Iw and not found FUNC: ELSE Q0;: changing object OBJ: Fi_AnalogParameter(208)
inserting o=O objects in "always_writeS" mode
found o=Iw and not found FUNC: ELSE Q0;: changing object OBJ: Fi_AnalogParameter(209)
inserting o=O objects in "always_writeS" mode
found o=Iw and not found FUNC: ELSE Q0;: changing object OBJ: Fi_AnalogParameter(210)
inserting o=O objects in "always_writeS" mode
found o=Iw and not found FUNC: ELSE Q0;: changing object OBJ: Fi_AnalogParameter(211)
inserting o=O objects in "always_writeS" mode
found o=Iw and not found FUNC: ELSE Q0;: changing object OBJ: Fi_AnalogParameter(212)
inserting o=O objects in "always_writeS" mode
found o=Iw and not found FUNC: ELSE Q0;: changing object OBJ: Fi_AnalogParameter(213)
inserting o=O objects in "always_writeS" mode
found o=Iw and not found FUNC: ELSE Q0;: changing object OBJ: Fi_AnalogParameter(214)
inserting o=O objects in "always_writeS" mode
found o=Iw and not found FUNC: ELSE Q0;: changing object OBJ: Fi_AnalogParameter(215)
inserting o=O objects in "always_writeS" mode
found o=Iw and not found FUNC: ELSE Q0;: changing object OBJ: Fi_AnalogParameter(216)
inserting o=O objects in "always_writeS" mode
found o=Iw and not found FUNC: ELSE Q0;: changing object OBJ: Fi_AnalogParameter(217)
inserting o=O objects in "always_writeS" mode
found o=Iw and not found FUNC: ELSE Q0;: changing object OBJ: Fi_AnalogParameter(218)
inserting o=O objects in "always_writeS" mode
found o=Iw and not found FUNC: ELSE Q0;: changing object OBJ: Fi_AnalogParameter(219)
inserting o=O objects in "always_writeS" mode
found o=Iw and not found FUNC: ELSE Q0;: changing object OBJ: Fi_AnalogParameter(220)
inserting o=O objects in "always_writeS" mode
found o=Iw and not found FUNC: ELSE Q0;: changing object OBJ: Fi_AnalogParameter(221)
inserting o=O objects in "always_writeS" mode
found o=Iw and not found FUNC: ELSE Q0;: changing object OBJ: Fi_AnalogParameter(222)
inserting o=O objects in "always_writeS" mode
found o=Iw and not found FUNC: ELSE Q0;: changing object OBJ: Fi_AnalogParameter(223)
inserting o=O objects in "always_writeS" mode
found o=Iw and not found FUNC: ELSE Q0;: changing object OBJ: Fi_AnalogParameter(224)
inserting o=O objects in "always_writeS" mode
found o=Iw and not found FUNC: ELSE Q0;: changing object OBJ: Fi_AnalogParameter(225)
inserting o=O objects in "always_writeS" mode
found o=Iw and not found FUNC: ELSE Q0;: changing object OBJ: Fi_AnalogParameter(226)
inserting o=O objects in "always_writeS" mode
found o=Iw and not found FUNC: ELSE Q0;: changing object OBJ: Fi_AnalogParameter(227)
inserting o=O objects in "always_writeS" mode
found o=Iw and not found FUNC: ELSE Q0;: changing object OBJ: Fi_AnalogParameter(228)
inserting o=O objects in "always_writeS" mode
found o=Iw and not found FUNC: ELSE Q0;: changing object OBJ: Fi_AnalogParameter(229)
inserting o=O objects in "always_writeS" mode
found o=Iw and not found FUNC: ELSE Q0;: changing object OBJ: Fi_AnalogParameter(230)
inserting o=O objects in "always_writeS" mode
found o=Iw and not found FUNC: ELSE Q0;: changing object OBJ: Fi_AnalogParameter(231)
inserting o=O objects in "always_writeS" mode
found o=Iw and not found FUNC: ELSE Q0;: changing object OBJ: Fi_AnalogParameter(232)
inserting o=O objects in "always_writeS" mode
found o=Iw and not found FUNC: ELSE Q0;: changing object OBJ: Fi_AnalogParameter(233)
inserting o=O objects in "always_writeS" mode
found o=Iw and not found FUNC: ELSE Q0;: changing object OBJ: Fi_AnalogParameter(234)
inserting o=O objects in "always_writeS" mode
found o=Iw and not found FUNC: ELSE Q0;: changing object OBJ: Fi_AnalogParameter(235)
inserting o=O objects in "always_writeS" mode
found o=Iw and not found FUNC: ELSE Q0;: changing object OBJ: Fi_AnalogParameter(236)
inserting o=O objects in "always_writeS" mode
found o=Iw and not found FUNC: ELSE Q0;: changing object OBJ: Fi_AnalogParameter(237)
inserting o=O objects in "always_writeS" mode
found o=Iw and not found FUNC: ELSE Q0;: changing object OBJ: Fi_AnalogParameter(238)
inserting o=O objects in "always_writeS" mode
found o=Iw and not found FUNC: ELSE Q0;: changing object OBJ: Fi_AnalogParameter(239)
inserting o=O objects in "always_writeS" mode
found o=Iw and not found FUNC: ELSE Q0;: changing object OBJ: Fi_AnalogParameter(240)
inserting o=O objects in "always_writeS" mode
found o=Iw and not found FUNC: ELSE Q0;: changing object OBJ: Fi_AnalogParameter(241)
inserting o=O objects in "always_writeS" mode
found n= M:  p=46 t=IR o=I f=B r=278  S=Fi_FASPStaW000B01 n=16  d=2
found n= M:  p=46 t=IR o=I f=B r=279  S=Fi_FASPStaW001B01 n=16  d=2
found n= M:  p=46 t=IR o=I f=B r=280  S=Fi_FASPStaW002B01 n=16  d=2
found n= M:  p=46 t=IR o=I f=B r=281  S=Fi_FASPStaW003B01 n=16  d=2
found n= M:  p=46 t=IR o=I f=B r=282  S=Fi_FASPStaW004B01 n=16  d=2
found n= M:  p=46 t=IR o=I f=B r=283  S=Fi_FASPStaW005B01 n=16  d=2
found n= M:  p=46 t=IR o=I f=B r=284  S=Fi_FASPStaW006B01 n=16  d=2
found n= M:  p=46 t=IR o=I f=B r=285  S=Fi_FASPStaW007B01 n=16  d=2
found n= M:  p=46 t=IR o=I f=B r=286  S=Fi_FASPStaW008B01 n=16  d=2
found n= M:  p=46 t=IR o=I f=B r=287  S=Fi_FASPStaW040B01 n=16  d=2
found n= M:  p=46 t=IR o=I f=B r=288  S=Fi_FASPStaW041B01 n=16  d=2
found n= M:  p=46 t=IR o=I f=B r=289  S=Fi_FASPStaW042B01 n=16  d=2
found n= M:  p=46 t=IR o=I f=B r=290  S=Fi_FASPStaW043B01 n=16  d=2
found n= M:  p=46 t=IR o=I f=B r=291  S=Fi_FASPStaW044B01 n=16  d=2
found n= M:  p=46 t=IR o=I f=B r=292  S=Fi_FASPStaW045B01 n=16  d=2
found n= M:  p=46 t=IR o=I f=B r=293  S=Fi_FASPStaW046B01 n=16  d=2
found n= M:  p=46 t=IR o=I f=B r=294  S=Fi_FASPStaW047B01 n=16  d=2
found n= M:  p=46 t=IR o=I f=B r=295  S=Fi_FASPStaW048B01 n=16  d=2
found n= M:  p=31 t=HR o=I f=W r=4773  S=Q_Ch12Queue000  n=119 d=2
found n= M:  p=32 t=HR o=I f=W r=5011  S=Q_Ch13Queue000  n=119 d=2
found n= M:  p=31 t=HR o=I f=B r=1808  S=Fi2_StaDeblR00 n=16  d=2
found n= M:  p=31 t=HR o=I f=B r=1809  S=Fi2_StaDebl000 n=48  d=2
found n= M:  p=31 t=HR o=I f=B r=1812  S=Fi2_StaDebl048 n=192  d=2
found n= M:  p=31 t=HR o=I f=B r=1824  S=Fi2_StaMask000 n=48  d=2
found n= M:  p=31 t=HR o=I f=B r=1827  S=Fi2_StaMask048 n=16  d=2
found n= M:  p=31 t=HR o=I f=B r=1828  S=Fi2_StaMask064 n=192  d=2
found n= M:  p=31 t=HR o=I f=B r=1840  S=Fi2_BStMask000 n=256  d=2
found n= M:  p=31 t=HR o=I f=B r=1856  S=Fi2_StaImit000 n=48  d=2
found n= M:  p=31 t=HR o=I f=B r=1859  S=Fi2_StaImit048 n=16  d=2
found n= M:  p=31 t=HR o=I f=B r=1860  S=Fi2_StaImit064 n=192  d=2
found n= M:  p=31 t=HR o=I f=B r=1872  S=Fi2_StaTest000 n=48  d=2
found n= M:  p=31 t=HR o=I f=B r=1875  S=Fi2_StaTest048 n=16  d=2
found n= M:  p=31 t=HR o=I f=B r=1876  S=Fi2_StaTest064 n=192  d=2
found n= M:  p=31 t=HR o=I f=B r=1888  S=Fi2_StaProt000 n=48  d=2
found n= M:  p=31 t=HR o=I f=B r=1891  S=Fi2_StaProt048 n=16  d=2
found n= M:  p=31 t=HR o=I f=B r=1892  S=Fi2_StaProt064 n=192  d=2
found n= M:  p=31 t=HR o=I f=B r=1904  S=Fi2_StaTPro000 n=48  d=2
found n= M:  p=31 t=HR o=I f=B r=1907  S=Fi2_StaTPro048 n=16  d=2
found n= M:  p=31 t=HR o=I f=B r=1908  S=Fi2_StaTPro064 n=192  d=2
found n= M:  p=32 t=HR o=I f=B r=1920  S=Fi2_StaEvMs000 n=256  d=2
found n= M:  p=32 t=HR o=I f=B r=1936  S=Fi2_BStImit000 n=256  d=2
found n= M:  p=33 t=HR o=I f=B r=1968  S=Fi2_Fdd1EvMs000 n=256  d=2
found n= M:  p=33 t=HR o=I f=B r=1984  S=Fi2_BStTest000 n=256  d=2
found n= M:  p=34 t=HR o=I f=B r=2016  S=Fi2_Fdd2EvMs000 n=256  d=2
found n= M:  p=34 t=HR o=I f=B r=2032  S=Fi2_BStProt000 n=256  d=2
found n= M:  p=35 t=HR o=I f=B r=2064  S=Fi2_Fdd3EvMs000 n=256  d=2
found n= M:  p=35 t=HR o=I f=B r=2080  S=Fi2_BStTPro000 n=256  d=2
found n= M:  p=31 t=HR o=I f=B r=2112  S=Fi2_Fdd4EvMs000 n=256  d=2
found n= M:  p=32 t=HR o=I f=B r=2304  S=Fi2_StaPhysR00 n=16  d=2
found n= M:  p=32 t=HR o=I f=B r=2305  S=Fi2_StaPhys000 n=48  d=2
found n= M:  p=32 t=HR o=I f=B r=2308  S=Fi2_StaPhys048 n=192  d=2
found n= M:  p=31 t=HR o=I f=B r=2128  S=Fi2_Fe1EvMs000  n=64  d=2
found n= M:  p=31 t=HR o=I f=B r=2132  S=Fi2_FR1EvMs000  n=64  d=2
found n= M:  p=31 t=HR o=I f=B r=2136  S=Fi2_Fe2EvMs000  n=64  d=2
found n= M:  p=31 t=HR o=I f=B r=2140  S=Fi2_FR2EvMs000  n=64  d=2
found n= M:  p=31 t=HR o=I f=B r=2144  S=Fi2_Fe3EvMs000  n=64  d=2
found n= M:  p=31 t=HR o=I f=B r=2148  S=Fi2_FR3EvMs000  n=64  d=2
found n= M:  p=31 t=HR o=I f=B r=2152  S=Fi2_Fw1EvMs000  n=64  d=2
found n= M:  p=31 t=HR o=I f=B r=2156  S=Fi2_Fw2EvMs000  n=64  d=2
found n= M:  p=31 t=HR o=I f=B r=2160  S=Fi2_Fw3EvMs000  n=64  d=2
found n= M:  p=31 t=HR o=I f=B r=2320  S=Fi2_GF13_1__S1_B01 n=16  d=2
found n= M:  p=31 t=HR o=I f=B r=2321  S=Fi2_GF13_1__S2_B01 n=16  d=2
found n= M:  p=31 t=HR o=I f=B r=2322  S=Fi2_GF13_2__S1_B01 n=16  d=2
found n= M:  p=31 t=HR o=I f=B r=2323  S=Fi2_GF13_2__S2_B01 n=16  d=2
found n= M:  p=31 t=HR o=I f=B r=2324  S=Fi2_GF13_3__S1_B01 n=16  d=2
found n= M:  p=31 t=HR o=I f=B r=2325  S=Fi2_GF13_3__S2_B01 n=16  d=2
found n= M:  p=31 t=HR o=I f=B r=2326  S=Fi2_GF13_4__S1_B01 n=16  d=2
found n= M:  p=31 t=HR o=I f=B r=2327  S=Fi2_GF13_4__S2_B01 n=16  d=2
found n= M:  p=31 t=HR o=I f=B r=2328  S=Fi2_GF13_5__S1_B01 n=16  d=2
found n= M:  p=31 t=HR o=I f=B r=2329  S=Fi2_GF13_5__S2_B01 n=16  d=2
found n= M:  p=31 t=HR o=I f=B r=2330  S=Fi2_GF13_6__S1_B01 n=16  d=2
found n= M:  p=31 t=HR o=I f=B r=2331  S=Fi2_GF13_6__S2_B01 n=16  d=2
found n= M:  p=31 t=HR o=I f=B r=2332  S=Fi2_GF13A___S1_B01 n=16  d=2
found n= M:  p=31 t=HR o=I f=B r=2333  S=Fi2_GF13A___S2_B01 n=16  d=2
found n= M:  p=31 t=HR o=I f=B r=2334  S=Fi2_GF13B___S1_B01 n=16  d=2
found n= M:  p=31 t=HR o=I f=B r=2335  S=Fi2_GF13B___S2_B01 n=16  d=2
found n= M:  p=31 t=HR o=I f=B r=2336  S=Fi2_GF13V___S1_B01 n=16  d=2
found n= M:  p=31 t=HR o=I f=B r=2337  S=Fi2_GF13V___S2_B01 n=16  d=2
found n= M:  p=31 t=HR o=I f=B r=2338  S=Fi2_GF13G___S1_B01 n=16  d=2
found n= M:  p=31 t=HR o=I f=B r=2339  S=Fi2_GF13G___S2_B01 n=16  d=2
found n= M:  p=31 t=HR o=I f=B r=2340  S=Fi2_GF14_1__S1_B01 n=16  d=2
found n= M:  p=31 t=HR o=I f=B r=2341  S=Fi2_GF14_1__S2_B01 n=16  d=2
found n= M:  p=31 t=HR o=I f=B r=2342  S=Fi2_GF14_2__S1_B01 n=16  d=2
found n= M:  p=31 t=HR o=I f=B r=2343  S=Fi2_GF14_2__S2_B01 n=16  d=2
found n= M:  p=31 t=HR o=I f=B r=2344  S=Fi2_GF14_3__S1_B01 n=16  d=2
found n= M:  p=31 t=HR o=I f=B r=2345  S=Fi2_GF14_3__S2_B01 n=16  d=2
found n= M:  p=31 t=HR o=I f=B r=2346  S=Fi2_GF14_4__S1_B01 n=16  d=2
found n= M:  p=31 t=HR o=I f=B r=2347  S=Fi2_GF14_4__S2_B01 n=16  d=2
found n= M:  p=31 t=HR o=I f=B r=2348  S=Fi2_GF14_5__S1_B01 n=16  d=2
found n= M:  p=31 t=HR o=I f=B r=2349  S=Fi2_GF14_5__S2_B01 n=16  d=2
found n= M:  p=31 t=HR o=I f=B r=2350  S=Fi2_GF14_6__S1_B01 n=16  d=2
found n= M:  p=31 t=HR o=I f=B r=2351  S=Fi2_GF14_6__S2_B01 n=16  d=2
found n= M:  p=31 t=HR o=I f=B r=2352  S=Fi2_GF14A___S1_B01 n=16  d=2
found n= M:  p=31 t=HR o=I f=B r=2353  S=Fi2_GF14A___S2_B01 n=16  d=2
found n= M:  p=31 t=HR o=I f=B r=2354  S=Fi2_GF14B___S1_B01 n=16  d=2
found n= M:  p=31 t=HR o=I f=B r=2355  S=Fi2_GF14B___S2_B01 n=16  d=2
found n= M:  p=31 t=HR o=I f=B r=2356  S=Fi2_GF14V___S1_B01 n=16  d=2
found n= M:  p=31 t=HR o=I f=B r=2357  S=Fi2_GF14V___S2_B01 n=16  d=2
found n= M:  p=31 t=HR o=I f=B r=2358  S=Fi2_GF14G___S1_B01 n=16  d=2
found n= M:  p=31 t=HR o=I f=B r=2359  S=Fi2_GF14G___S2_B01 n=16  d=2
found n= M:  p=31 t=HR o=I f=B r=2360  S=Fi2_GF17_1__S1_B01 n=16  d=2
found n= M:  p=31 t=HR o=I f=B r=2361  S=Fi2_GF17_1__S2_B01 n=16  d=2
found n= M:  p=31 t=HR o=I f=B r=2362  S=Fi2_GF17_2__S1_B01 n=16  d=2
found n= M:  p=31 t=HR o=I f=B r=2363  S=Fi2_GF17_2__S2_B01 n=16  d=2
found n= M:  p=31 t=HR o=I f=B r=2364  S=Fi2_GF17_3__S1_B01 n=16  d=2
found n= M:  p=31 t=HR o=I f=B r=2365  S=Fi2_GF17_3__S2_B01 n=16  d=2
found n= M:  p=31 t=HR o=I f=B r=2366  S=Fi2_GF17_4__S1_B01 n=16  d=2
found n= M:  p=31 t=HR o=I f=B r=2367  S=Fi2_GF17_4__S2_B01 n=16  d=2
found n= M:  p=31 t=HR o=I f=B r=2368  S=Fi2_GF17_5__S1_B01 n=16  d=2
found n= M:  p=31 t=HR o=I f=B r=2369  S=Fi2_GF17_5__S2_B01 n=16  d=2
found n= M:  p=31 t=HR o=I f=B r=2370  S=Fi2_GF17_6__S1_B01 n=16  d=2
found n= M:  p=31 t=HR o=I f=B r=2371  S=Fi2_GF17_6__S2_B01 n=16  d=2
found n= M:  p=31 t=HR o=I f=B r=2372  S=Fi2_GF17A___S1_B01 n=16  d=2
found n= M:  p=31 t=HR o=I f=B r=2373  S=Fi2_GF17A___S2_B01 n=16  d=2
found n= M:  p=31 t=HR o=I f=B r=2374  S=Fi2_GF17B___S1_B01 n=16  d=2
found n= M:  p=31 t=HR o=I f=B r=2375  S=Fi2_GF17B___S2_B01 n=16  d=2
found n= M:  p=31 t=HR o=I f=B r=2376  S=Fi2_GF17V___S1_B01 n=16  d=2
found n= M:  p=31 t=HR o=I f=B r=2377  S=Fi2_GF17V___S2_B01 n=16  d=2
found n= M:  p=31 t=HR o=I f=B r=2378  S=Fi2_GF17G___S1_B01 n=16  d=2
found n= M:  p=31 t=HR o=I f=B r=2379  S=Fi2_GF17G___S2_B01 n=16  d=2
found n= M:  p=31 t=HR o=I f=B r=2380  S=Fi2_GF18_1__S1_B01 n=16  d=2
found n= M:  p=31 t=HR o=I f=B r=2381  S=Fi2_GF18_1__S2_B01 n=16  d=2
found n= M:  p=31 t=HR o=I f=B r=2382  S=Fi2_GF18_2__S1_B01 n=16  d=2
found n= M:  p=31 t=HR o=I f=B r=2383  S=Fi2_GF18_2__S2_B01 n=16  d=2
found n= M:  p=31 t=HR o=I f=B r=2384  S=Fi2_GF18_3__S1_B01 n=16  d=2
found n= M:  p=31 t=HR o=I f=B r=2385  S=Fi2_GF18_3__S2_B01 n=16  d=2
found n= M:  p=31 t=HR o=I f=B r=2386  S=Fi2_GF18_4__S1_B01 n=16  d=2
found n= M:  p=31 t=HR o=I f=B r=2387  S=Fi2_GF18_4__S2_B01 n=16  d=2
found n= M:  p=31 t=HR o=I f=B r=2388  S=Fi2_GF18_5__S1_B01 n=16  d=2
found n= M:  p=31 t=HR o=I f=B r=2389  S=Fi2_GF18_5__S2_B01 n=16  d=2
found n= M:  p=31 t=HR o=I f=B r=2390  S=Fi2_GF18_6__S1_B01 n=16  d=2
found n= M:  p=31 t=HR o=I f=B r=2391  S=Fi2_GF18_6__S2_B01 n=16  d=2
found n= M:  p=31 t=HR o=I f=B r=2392  S=Fi2_GF18A___S1_B01 n=16  d=2
found n= M:  p=31 t=HR o=I f=B r=2393  S=Fi2_GF18A___S2_B01 n=16  d=2
found n= M:  p=31 t=HR o=I f=B r=2394  S=Fi2_GF18B___S1_B01 n=16  d=2
found n= M:  p=31 t=HR o=I f=B r=2395  S=Fi2_GF18B___S2_B01 n=16  d=2
found n= M:  p=31 t=HR o=I f=B r=2396  S=Fi2_GF18V___S1_B01 n=16  d=2
found n= M:  p=31 t=HR o=I f=B r=2397  S=Fi2_GF18V___S2_B01 n=16  d=2
found n= M:  p=31 t=HR o=I f=B r=2398  S=Fi2_GF18G___S1_B01 n=16  d=2
found n= M:  p=31 t=HR o=I f=B r=2399  S=Fi2_GF18G___S2_B01 n=16  d=2
found n= M:  p=31 t=HR o=I f=B r=2400  S=Fi2_GF11_1__S1_B01 n=16  d=2
found n= M:  p=31 t=HR o=I f=B r=2401  S=Fi2_GF11_1__S2_B01 n=16  d=2
found n= M:  p=31 t=HR o=I f=B r=2402  S=Fi2_GF11_2__S1_B01 n=16  d=2
found n= M:  p=31 t=HR o=I f=B r=2403  S=Fi2_GF11_2__S2_B01 n=16  d=2
found n= M:  p=31 t=HR o=I f=B r=2404  S=Fi2_GF11_3__S1_B01 n=16  d=2
found n= M:  p=31 t=HR o=I f=B r=2405  S=Fi2_GF11_3__S2_B01 n=16  d=2
found n= M:  p=31 t=HR o=I f=B r=2406  S=Fi2_GF11_4__S1_B01 n=16  d=2
found n= M:  p=31 t=HR o=I f=B r=2407  S=Fi2_GF11_4__S2_B01 n=16  d=2
found n= M:  p=31 t=HR o=I f=B r=2408  S=Fi2_GF11_5__S1_B01 n=16  d=2
found n= M:  p=31 t=HR o=I f=B r=2409  S=Fi2_GF11_5__S2_B01 n=16  d=2
found n= M:  p=31 t=HR o=I f=B r=2410  S=Fi2_GF11_6__S1_B01 n=16  d=2
found n= M:  p=31 t=HR o=I f=B r=2411  S=Fi2_GF11_6__S2_B01 n=16  d=2
found n= M:  p=31 t=HR o=I f=B r=2412  S=Fi2_GFR000__S1_B01 n=16  d=2
found n= M:  p=31 t=HR o=I f=B r=2413  S=Fi2_GFR000__S2_B01 n=16  d=2
found n= M:  p=31 t=HR o=I f=B r=2414  S=Fi2_GF11B___S1_B01 n=16  d=2
found n= M:  p=31 t=HR o=I f=B r=2415  S=Fi2_GF11B___S2_B01 n=16  d=2
found n= M:  p=31 t=HR o=I f=B r=2416  S=Fi2_GF11V___S1_B01 n=16  d=2
found n= M:  p=31 t=HR o=I f=B r=2417  S=Fi2_GF11V___S2_B01 n=16  d=2
found n= M:  p=31 t=HR o=I f=B r=2418  S=Fi2_GFR001__S1_B01 n=16  d=2
found n= M:  p=31 t=HR o=I f=B r=2419  S=Fi2_GFR001__S2_B01 n=16  d=2
found n= M:  p=31 t=HR o=I f=B r=2420  S=Fi2_GF12_1__S1_B01 n=16  d=2
found n= M:  p=31 t=HR o=I f=B r=2421  S=Fi2_GF12_1__S2_B01 n=16  d=2
found n= M:  p=31 t=HR o=I f=B r=2422  S=Fi2_GF12_2__S1_B01 n=16  d=2
found n= M:  p=31 t=HR o=I f=B r=2423  S=Fi2_GF12_2__S2_B01 n=16  d=2
found n= M:  p=31 t=HR o=I f=B r=2424  S=Fi2_GF12_3__S1_B01 n=16  d=2
found n= M:  p=31 t=HR o=I f=B r=2425  S=Fi2_GF12_3__S2_B01 n=16  d=2
found n= M:  p=31 t=HR o=I f=B r=2426  S=Fi2_GF12_4__S1_B01 n=16  d=2
found n= M:  p=31 t=HR o=I f=B r=2427  S=Fi2_GF12_4__S2_B01 n=16  d=2
found n= M:  p=31 t=HR o=I f=B r=2428  S=Fi2_GF12_5__S1_B01 n=16  d=2
found n= M:  p=31 t=HR o=I f=B r=2429  S=Fi2_GF12_5__S2_B01 n=16  d=2
found n= M:  p=31 t=HR o=I f=B r=2430  S=Fi2_GF12_6__S1_B01 n=16  d=2
found n= M:  p=31 t=HR o=I f=B r=2431  S=Fi2_GF12_6__S2_B01 n=16  d=2
found n= M:  p=31 t=HR o=I f=B r=2432  S=Fi2_GF12A___S1_B01 n=16  d=2
found n= M:  p=31 t=HR o=I f=B r=2433  S=Fi2_GF12A___S2_B01 n=16  d=2
found n= M:  p=31 t=HR o=I f=B r=2434  S=Fi2_GFR002__S1_B01 n=16  d=2
found n= M:  p=31 t=HR o=I f=B r=2435  S=Fi2_GFR002__S2_B01 n=16  d=2
found n= M:  p=31 t=HR o=I f=B r=2436  S=Fi2_GF12V___S1_B01 n=16  d=2
found n= M:  p=31 t=HR o=I f=B r=2437  S=Fi2_GF12V___S2_B01 n=16  d=2
found n= M:  p=31 t=HR o=I f=B r=2438  S=Fi2_GFR003__S1_B01 n=16  d=2
found n= M:  p=31 t=HR o=I f=B r=2439  S=Fi2_GFR003__S2_B01 n=16  d=2
found n= M:  p=31 t=HR o=I f=B r=2440  S=Fi2_GF15_1__S1_B01 n=16  d=2
found n= M:  p=31 t=HR o=I f=B r=2441  S=Fi2_GF15_1__S2_B01 n=16  d=2
found n= M:  p=31 t=HR o=I f=B r=2442  S=Fi2_GF15_2__S1_B01 n=16  d=2
found n= M:  p=31 t=HR o=I f=B r=2443  S=Fi2_GF15_2__S2_B01 n=16  d=2
found n= M:  p=32 t=HR o=I f=B r=2444  S=Fi2_GF15_3__S1_B01 n=16  d=2
found n= M:  p=32 t=HR o=I f=B r=2445  S=Fi2_GF15_3__S2_B01 n=16  d=2
found n= M:  p=32 t=HR o=I f=B r=2446  S=Fi2_GF15_4__S1_B01 n=16  d=2
found n= M:  p=32 t=HR o=I f=B r=2447  S=Fi2_GF15_4__S2_B01 n=16  d=2
found n= M:  p=32 t=HR o=I f=B r=2448  S=Fi2_GF15_5__S1_B01 n=16  d=2
found n= M:  p=32 t=HR o=I f=B r=2449  S=Fi2_GF15_5__S2_B01 n=16  d=2
found n= M:  p=32 t=HR o=I f=B r=2450  S=Fi2_GF15_6__S1_B01 n=16  d=2
found n= M:  p=32 t=HR o=I f=B r=2451  S=Fi2_GF15_6__S2_B01 n=16  d=2
found n= M:  p=32 t=HR o=I f=B r=2452  S=Fi2_GFR004__S1_B01 n=16  d=2
found n= M:  p=32 t=HR o=I f=B r=2453  S=Fi2_GFR004__S2_B01 n=16  d=2
found n= M:  p=32 t=HR o=I f=B r=2454  S=Fi2_GF15B___S1_B01 n=16  d=2
found n= M:  p=32 t=HR o=I f=B r=2455  S=Fi2_GF15B___S2_B01 n=16  d=2
found n= M:  p=32 t=HR o=I f=B r=2456  S=Fi2_GFR005__S1_B01 n=16  d=2
found n= M:  p=32 t=HR o=I f=B r=2457  S=Fi2_GFR005__S2_B01 n=16  d=2
found n= M:  p=32 t=HR o=I f=B r=2458  S=Fi2_GF15G___S1_B01 n=16  d=2
found n= M:  p=32 t=HR o=I f=B r=2459  S=Fi2_GF15G___S2_B01 n=16  d=2
found n= M:  p=32 t=HR o=I f=B r=2460  S=Fi2_GF16_1__S1_B01 n=16  d=2
found n= M:  p=32 t=HR o=I f=B r=2461  S=Fi2_GF16_1__S2_B01 n=16  d=2
found n= M:  p=32 t=HR o=I f=B r=2462  S=Fi2_GF16_2__S1_B01 n=16  d=2
found n= M:  p=32 t=HR o=I f=B r=2463  S=Fi2_GF16_2__S2_B01 n=16  d=2
found n= M:  p=32 t=HR o=I f=B r=2464  S=Fi2_GF16_3__S1_B01 n=16  d=2
found n= M:  p=32 t=HR o=I f=B r=2465  S=Fi2_GF16_3__S2_B01 n=16  d=2
found n= M:  p=32 t=HR o=I f=B r=2466  S=Fi2_GF16_4__S1_B01 n=16  d=2
found n= M:  p=32 t=HR o=I f=B r=2467  S=Fi2_GF16_4__S2_B01 n=16  d=2
found n= M:  p=32 t=HR o=I f=B r=2468  S=Fi2_GF16_5__S1_B01 n=16  d=2
found n= M:  p=32 t=HR o=I f=B r=2469  S=Fi2_GF16_5__S2_B01 n=16  d=2
found n= M:  p=32 t=HR o=I f=B r=2470  S=Fi2_GF16_6__S1_B01 n=16  d=2
found n= M:  p=32 t=HR o=I f=B r=2471  S=Fi2_GF16_6__S2_B01 n=16  d=2
found n= M:  p=32 t=HR o=I f=B r=2472  S=Fi2_GF16A___S1_B01 n=16  d=2
found n= M:  p=32 t=HR o=I f=B r=2473  S=Fi2_GF16A___S2_B01 n=16  d=2
found n= M:  p=32 t=HR o=I f=B r=2474  S=Fi2_GFR006__S1_B01 n=16  d=2
found n= M:  p=32 t=HR o=I f=B r=2475  S=Fi2_GFR006__S2_B01 n=16  d=2
found n= M:  p=32 t=HR o=I f=B r=2476  S=Fi2_GFR007__S1_B01 n=16  d=2
found n= M:  p=32 t=HR o=I f=B r=2477  S=Fi2_GFR007__S2_B01 n=16  d=2
found n= M:  p=32 t=HR o=I f=B r=2478  S=Fi2_GF16G___S1_B01 n=16  d=2
found n= M:  p=32 t=HR o=I f=B r=2479  S=Fi2_GF16G___S2_B01 n=16  d=2
found n= M:  p=32 t=HR o=I f=B r=2480  S=Fi2_GFK1_15_S1_B01 n=16  d=2
found n= M:  p=32 t=HR o=I f=B r=2481  S=Fi2_GFK1_15_S2_B01 n=16  d=2
found n= M:  p=32 t=HR o=I f=B r=2482  S=Fi2_GFK2_15_S1_B01 n=16  d=2
found n= M:  p=32 t=HR o=I f=B r=2483  S=Fi2_GFK2_15_S2_B01 n=16  d=2
found n= M:  p=32 t=HR o=I f=B r=2484  S=Fi2_GFK3_15_S1_B01 n=16  d=2
found n= M:  p=32 t=HR o=I f=B r=2485  S=Fi2_GFK3_15_S2_B01 n=16  d=2
found n= M:  p=32 t=HR o=I f=B r=2486  S=Fi2_GFK1_16_S1_B01 n=16  d=2
found n= M:  p=32 t=HR o=I f=B r=2487  S=Fi2_GFK1_16_S2_B01 n=16  d=2
found n= M:  p=32 t=HR o=I f=B r=2488  S=Fi2_GFK2_16_S1_B01 n=16  d=2
found n= M:  p=32 t=HR o=I f=B r=2489  S=Fi2_GFK2_16_S2_B01 n=16  d=2
found n= M:  p=32 t=HR o=I f=B r=2490  S=Fi2_GFK3_16_S1_B01 n=16  d=2
found n= M:  p=32 t=HR o=I f=B r=2491  S=Fi2_GFK3_16_S2_B01 n=16  d=2
found n= M:  p=32 t=HR o=I f=B r=2492  S=Fi2_GF588___S1_B01 n=16  d=2
found n= M:  p=32 t=HR o=I f=B r=2493  S=Fi2_GF588___S2_B01 n=16  d=2
found n= M:  p=32 t=HR o=I f=B r=2494  S=Fi2_GF589___S1_B01 n=16  d=2
found n= M:  p=32 t=HR o=I f=B r=2495  S=Fi2_GF589___S2_B01 n=16  d=2
found n= M:  p=32 t=HR o=I f=B r=2496  S=Fi2_GF381___S1_B01 n=16  d=2
found n= M:  p=32 t=HR o=I f=B r=2497  S=Fi2_GF381___S2_B01 n=16  d=2
found n= M:  p=32 t=HR o=I f=B r=2498  S=Fi2_GF386___S1_B01 n=16  d=2
found n= M:  p=32 t=HR o=I f=B r=2499  S=Fi2_GF386___S2_B01 n=16  d=2
found n= M:  p=32 t=HR o=I f=B r=2500  S=Fi2_GF383___S1_B01 n=16  d=2
found n= M:  p=32 t=HR o=I f=B r=2501  S=Fi2_GF383___S2_B01 n=16  d=2
found n= M:  p=32 t=HR o=I f=B r=2502  S=Fi2_GF388___S1_B01 n=16  d=2
found n= M:  p=32 t=HR o=I f=B r=2503  S=Fi2_GF388___S2_B01 n=16  d=2
found n= M:  p=32 t=HR o=I f=B r=2504  S=Fi2_GF387___S1_B01 n=16  d=2
found n= M:  p=32 t=HR o=I f=B r=2505  S=Fi2_GF387___S2_B01 n=16  d=2
found n= M:  p=32 t=HR o=I f=B r=2506  S=Fi2_GF385___S1_B01 n=16  d=2
found n= M:  p=32 t=HR o=I f=B r=2507  S=Fi2_GF385___S2_B01 n=16  d=2
found n= M:  p=32 t=HR o=I f=B r=2508  S=Fi2_GF390___S1_B01 n=16  d=2
found n= M:  p=32 t=HR o=I f=B r=2509  S=Fi2_GF390___S2_B01 n=16  d=2
found n= M:  p=32 t=HR o=I f=B r=2510  S=Fi2_GF382___S1_B01 n=16  d=2
found n= M:  p=32 t=HR o=I f=B r=2511  S=Fi2_GF382___S2_B01 n=16  d=2
found n= M:  p=32 t=HR o=I f=B r=2512  S=Fi2_GF389___S1_B01 n=16  d=2
found n= M:  p=32 t=HR o=I f=B r=2513  S=Fi2_GF389___S2_B01 n=16  d=2
found n= M:  p=32 t=HR o=I f=B r=2514  S=Fi2_GF384___S1_B01 n=16  d=2
found n= M:  p=32 t=HR o=I f=B r=2515  S=Fi2_GF384___S2_B01 n=16  d=2
found n= M:  p=32 t=HR o=I f=B r=2516  S=Fi2_GFR008__S1_B01 n=16  d=2
found n= M:  p=32 t=HR o=I f=B r=2517  S=Fi2_GFR008__S2_B01 n=16  d=2
found n= M:  p=32 t=HR o=I f=B r=2518  S=Fi2_GFR009__S1_B01 n=16  d=2
found n= M:  p=32 t=HR o=I f=B r=2519  S=Fi2_GFR009__S2_B01 n=16  d=2
found n= M:  p=32 t=HR o=I f=B r=2520  S=Fi2_GFR010__S1_B01 n=16  d=2
found n= M:  p=32 t=HR o=I f=B r=2521  S=Fi2_GFR010__S2_B01 n=16  d=2
found n= M:  p=32 t=HR o=I f=B r=2522  S=Fi2_GFR011__S1_B01 n=16  d=2
found n= M:  p=32 t=HR o=I f=B r=2523  S=Fi2_GFR011__S2_B01 n=16  d=2
found n= M:  p=32 t=HR o=I f=B r=2524  S=Fi2_GFR012__S1_B01 n=16  d=2
found n= M:  p=32 t=HR o=I f=B r=2525  S=Fi2_GFR012__S2_B01 n=16  d=2
found n= M:  p=32 t=HR o=I f=B r=2526  S=Fi2_GFR013__S1_B01 n=16  d=2
found n= M:  p=32 t=HR o=I f=B r=2527  S=Fi2_GFR013__S2_B01 n=16  d=2
found n= M:  p=32 t=HR o=I f=B r=2528  S=Fi2_GFR014__S1_B01 n=16  d=2
found n= M:  p=32 t=HR o=I f=B r=2529  S=Fi2_GFR014__S2_B01 n=16  d=2
found n= M:  p=32 t=HR o=I f=B r=2530  S=Fi2_GFR015__S1_B01 n=16  d=2
found n= M:  p=32 t=HR o=I f=B r=2531  S=Fi2_GFR015__S2_B01 n=16  d=2
found n= M:  p=32 t=HR o=I f=B r=2532  S=Fi2_GFR016__S1_B01 n=16  d=2
found n= M:  p=32 t=HR o=I f=B r=2533  S=Fi2_GFR016__S2_B01 n=16  d=2
found n= M:  p=32 t=HR o=I f=B r=2534  S=Fi2_GFR017__S1_B01 n=16  d=2
found n= M:  p=32 t=HR o=I f=B r=2535  S=Fi2_GFR017__S2_B01 n=16  d=2
found n= M:  p=32 t=HR o=I f=B r=2536  S=Fi2_GFR018__S1_B01 n=16  d=2
found n= M:  p=32 t=HR o=I f=B r=2537  S=Fi2_GFR018__S2_B01 n=16  d=2
found n= M:  p=32 t=HR o=I f=B r=2538  S=Fi2_GFR019__S1_B01 n=16  d=2
found n= M:  p=32 t=HR o=I f=B r=2539  S=Fi2_GFR019__S2_B01 n=16  d=2
found n= M:  p=32 t=HR o=I f=B r=2540  S=Fi2_GFR020__S1_B01 n=16  d=2
found n= M:  p=32 t=HR o=I f=B r=2541  S=Fi2_GFR020__S2_B01 n=16  d=2
found n= M:  p=32 t=HR o=I f=B r=2542  S=Fi2_GFR021__S1_B01 n=16  d=2
found n= M:  p=32 t=HR o=I f=B r=2543  S=Fi2_GFR021__S2_B01 n=16  d=2
found n= M:  p=32 t=HR o=I f=B r=2544  S=Fi2_GFR022__S1_B01 n=16  d=2
found n= M:  p=32 t=HR o=I f=B r=2545  S=Fi2_GFR022__S2_B01 n=16  d=2
found n= M:  p=32 t=HR o=I f=B r=2546  S=Fi2_GFR023__S1_B01 n=16  d=2
found n= M:  p=32 t=HR o=I f=B r=2547  S=Fi2_GFR023__S2_B01 n=16  d=2
found n= M:  p=32 t=HR o=I f=B r=2548  S=Fi2_GFR024__S1_B01 n=16  d=2
found n= M:  p=32 t=HR o=I f=B r=2549  S=Fi2_GFR024__S2_B01 n=16  d=2
found n= M:  p=32 t=HR o=I f=B r=2550  S=Fi2_GFR025__S1_B01 n=16  d=2
found n= M:  p=32 t=HR o=I f=B r=2551  S=Fi2_GFR025__S2_B01 n=16  d=2
found n= M:  p=32 t=HR o=I f=B r=2552  S=Fi2_GFR026__S1_B01 n=16  d=2
found n= M:  p=32 t=HR o=I f=B r=2553  S=Fi2_GFR026__S2_B01 n=16  d=2
found n= M:  p=32 t=HR o=I f=B r=2554  S=Fi2_GFR027__S1_B01 n=16  d=2
found n= M:  p=32 t=HR o=I f=B r=2555  S=Fi2_GFR027__S2_B01 n=16  d=2
found n= M:  p=32 t=HR o=I f=B r=2556  S=Fi2_GFR028__S1_B01 n=16  d=2
found n= M:  p=32 t=HR o=I f=B r=2557  S=Fi2_GFR028__S2_B01 n=16  d=2
found n= M:  p=32 t=HR o=I f=B r=2558  S=Fi2_GFR029__S1_B01 n=16  d=2
found n= M:  p=32 t=HR o=I f=B r=2559  S=Fi2_GFR029__S2_B01 n=16  d=2
found n= M:  p=32 t=HR o=I f=B r=2560  S=Fi2_GFR030__S1_B01 n=16  d=2
found n= M:  p=32 t=HR o=I f=B r=2561  S=Fi2_GFR030__S2_B01 n=16  d=2
found n= M:  p=32 t=HR o=I f=B r=2562  S=Fi2_GFR031__S1_B01 n=16  d=2
found n= M:  p=32 t=HR o=I f=B r=2563  S=Fi2_GFR031__S2_B01 n=16  d=2
found n= M:  p=32 t=HR o=I f=B r=2564  S=Fi2_GFR032__S1_B01 n=16  d=2
found n= M:  p=32 t=HR o=I f=B r=2565  S=Fi2_GFR032__S2_B01 n=16  d=2
found n= M:  p=32 t=HR o=I f=B r=2566  S=Fi2_GFR033__S1_B01 n=16  d=2
found n= M:  p=32 t=HR o=I f=B r=2567  S=Fi2_GFR033__S2_B01 n=16  d=2
found n= M:  p=33 t=HR o=I f=B r=2568  S=Fi2_GF14____S1_B01 n=16  d=2
found n= M:  p=33 t=HR o=I f=B r=2569  S=Fi2_GF14____S2_B01 n=16  d=2
found n= M:  p=33 t=HR o=I f=B r=2570  S=Fi2_GF15____S1_B01 n=16  d=2
found n= M:  p=33 t=HR o=I f=B r=2571  S=Fi2_GF15____S2_B01 n=16  d=2
found n= M:  p=33 t=HR o=I f=B r=2572  S=Fi2_GFR034__S1_B01 n=16  d=2
found n= M:  p=33 t=HR o=I f=B r=2573  S=Fi2_GFR034__S2_B01 n=16  d=2
found n= M:  p=33 t=HR o=I f=B r=2574  S=Fi2_GFR035__S1_B01 n=16  d=2
found n= M:  p=33 t=HR o=I f=B r=2575  S=Fi2_GFR035__S2_B01 n=16  d=2
found n= M:  p=33 t=HR o=I f=B r=3726  S=Fi2_AStEvMs000 n=256  d=2
found n= M:  p=34 t=HR o=I f=B r=3950  S=Fi2_FE01TEvMs000 n=256  d=2
found n= M:  p=35 t=HR o=I f=B r=4014  S=Fi2_T25EvMs000 n=160  d=2
found n= M:  p=35 t=HR o=I f=B r=4024  S=Fi2_DDiagEvMs160 n=32  d=2
found n= M:  p=35 t=HR o=I f=B r=4026  S=Fi2_MenEvMs000 n=16  d=2
found n= M:  p=35 t=HR o=I f=B r=4027  S=Fi2_T25EvMs208 n=48  d=2
found n= M:  p=31 t=HR o=I f=B r=4062  S=Fi2_RemOT1S000 n=256  d=2
found n= M:  p=31 t=HR o=I f=B r=4078  S=Fi2_RemOT2S000 n=256  d=2
found n= M:  p=31 t=HR o=I f=B r=4094  S=Fi2_ChangeS000 n=256  d=2
found o=Iw and FUNC: ELSE Q0;: commenting object OBJ: Fi2_DutyWrite
inserting o=O objects in "always_write" mode
found o=Iw and FUNC: ELSE Q0;: commenting object OBJ: Fi2_ControlWrite
inserting o=O objects in "always_write" mode
found o=Iw and FUNC: ELSE Q0;: commenting object OBJ: Fi2_OtherWrite
inserting o=O objects in "always_write" mode
found o=Iw and FUNC: ELSE Q0;: commenting object OBJ: Fi2_GVControlWrite
inserting o=O objects in "always_write" mode
found o=Iw and FUNC: ELSE Q0;: commenting object OBJ: Fi2_AnalogControlWrite
inserting o=O objects in "always_write" mode
found o=Iw and not found FUNC: ELSE Q0;: changing object OBJ: Fi2_LimitValues
inserting o=O objects in "always_writeS" mode
found o=Iw and not found FUNC: ELSE Q0;: changing object OBJ: Fi2_Timer1
inserting o=O objects in "always_writeS" mode
found o=Iw and not found FUNC: ELSE Q0;: changing object OBJ: Fi2_Timer3
inserting o=O objects in "always_writeS" mode
found o=Iw and not found FUNC: ELSE Q0;: changing object OBJ: Fi2_GVTypeDescriptors
inserting o=O objects in "always_writeS" mode
found o=Iw and not found FUNC: ELSE Q0;: changing object OBJ: Fi2_AnalogParameter(208)
inserting o=O objects in "always_writeS" mode
found o=Iw and not found FUNC: ELSE Q0;: changing object OBJ: Fi2_AnalogParameter(209)
inserting o=O objects in "always_writeS" mode
found o=Iw and not found FUNC: ELSE Q0;: changing object OBJ: Fi2_AnalogParameter(210)
inserting o=O objects in "always_writeS" mode
found o=Iw and not found FUNC: ELSE Q0;: changing object OBJ: Fi2_AnalogParameter(211)
inserting o=O objects in "always_writeS" mode
found o=Iw and not found FUNC: ELSE Q0;: changing object OBJ: Fi2_AnalogParameter(212)
inserting o=O objects in "always_writeS" mode
found o=Iw and not found FUNC: ELSE Q0;: changing object OBJ: Fi2_AnalogParameter(213)
inserting o=O objects in "always_writeS" mode
found o=Iw and not found FUNC: ELSE Q0;: changing object OBJ: Fi2_AnalogParameter(214)
inserting o=O objects in "always_writeS" mode
found o=Iw and not found FUNC: ELSE Q0;: changing object OBJ: Fi2_AnalogParameter(215)
inserting o=O objects in "always_writeS" mode
found o=Iw and not found FUNC: ELSE Q0;: changing object OBJ: Fi2_AnalogParameter(216)
inserting o=O objects in "always_writeS" mode
found o=Iw and not found FUNC: ELSE Q0;: changing object OBJ: Fi2_AnalogParameter(217)
inserting o=O objects in "always_writeS" mode
found o=Iw and not found FUNC: ELSE Q0;: changing object OBJ: Fi2_AnalogParameter(218)
inserting o=O objects in "always_writeS" mode
found o=Iw and not found FUNC: ELSE Q0;: changing object OBJ: Fi2_AnalogParameter(219)
inserting o=O objects in "always_writeS" mode
found o=Iw and not found FUNC: ELSE Q0;: changing object OBJ: Fi2_AnalogParameter(220)
inserting o=O objects in "always_writeS" mode
found o=Iw and not found FUNC: ELSE Q0;: changing object OBJ: Fi2_AnalogParameter(221)
inserting o=O objects in "always_writeS" mode
found o=Iw and not found FUNC: ELSE Q0;: changing object OBJ: Fi2_AnalogParameter(222)
inserting o=O objects in "always_writeS" mode
found o=Iw and not found FUNC: ELSE Q0;: changing object OBJ: Fi2_AnalogParameter(223)
inserting o=O objects in "always_writeS" mode
found o=Iw and not found FUNC: ELSE Q0;: changing object OBJ: Fi2_AnalogParameter(224)
inserting o=O objects in "always_writeS" mode
found o=Iw and not found FUNC: ELSE Q0;: changing object OBJ: Fi2_AnalogParameter(225)
inserting o=O objects in "always_writeS" mode
found o=Iw and not found FUNC: ELSE Q0;: changing object OBJ: Fi2_AnalogParameter(226)
inserting o=O objects in "always_writeS" mode
found o=Iw and not found FUNC: ELSE Q0;: changing object OBJ: Fi2_AnalogParameter(227)
inserting o=O objects in "always_writeS" mode
found o=Iw and not found FUNC: ELSE Q0;: changing object OBJ: Fi2_AnalogParameter(228)
inserting o=O objects in "always_writeS" mode
found o=Iw and not found FUNC: ELSE Q0;: changing object OBJ: Fi2_AnalogParameter(229)
inserting o=O objects in "always_writeS" mode
found o=Iw and not found FUNC: ELSE Q0;: changing object OBJ: Fi2_AnalogParameter(230)
inserting o=O objects in "always_writeS" mode
found o=Iw and not found FUNC: ELSE Q0;: changing object OBJ: Fi2_AnalogParameter(231)
inserting o=O objects in "always_writeS" mode
found o=Iw and not found FUNC: ELSE Q0;: changing object OBJ: Fi2_AnalogParameter(232)
inserting o=O objects in "always_writeS" mode
found o=Iw and not found FUNC: ELSE Q0;: changing object OBJ: Fi2_AnalogParameter(233)
inserting o=O objects in "always_writeS" mode
found o=Iw and not found FUNC: ELSE Q0;: changing object OBJ: Fi2_AnalogParameter(234)
inserting o=O objects in "always_writeS" mode
found o=Iw and not found FUNC: ELSE Q0;: changing object OBJ: Fi2_AnalogParameter(235)
inserting o=O objects in "always_writeS" mode
found o=Iw and not found FUNC: ELSE Q0;: changing object OBJ: Fi2_AnalogParameter(236)
inserting o=O objects in "always_writeS" mode
found o=Iw and not found FUNC: ELSE Q0;: changing object OBJ: Fi2_AnalogParameter(237)
inserting o=O objects in "always_writeS" mode
found o=Iw and not found FUNC: ELSE Q0;: changing object OBJ: Fi2_AnalogParameter(238)
inserting o=O objects in "always_writeS" mode
found o=Iw and not found FUNC: ELSE Q0;: changing object OBJ: Fi2_AnalogParameter(239)
inserting o=O objects in "always_writeS" mode
found n= M:  p=41 t=HR o=I f=W r=4373  S=Q_Ch16Queue000  n=119 d=2
found n= M:  p=42 t=HR o=I f=W r=4611  S=Q_Ch17Queue000  n=119 d=2
found n= M:  p=41 t=HR o=I f=B r=1808  S=Fi3_StaDeblR00 n=16  d=2
found n= M:  p=41 t=HR o=I f=B r=1809  S=Fi3_StaDebl000 n=48  d=2
found n= M:  p=41 t=HR o=I f=B r=1812  S=Fi3_StaDebl048 n=192  d=2
found n= M:  p=41 t=HR o=I f=B r=1824  S=Fi3_StaMask000 n=48  d=2
found n= M:  p=41 t=HR o=I f=B r=1827  S=Fi3_StaMask048 n=16  d=2
found n= M:  p=41 t=HR o=I f=B r=1828  S=Fi3_StaMask064 n=192  d=2
found n= M:  p=41 t=HR o=I f=B r=1840  S=Fi3_BStMask000 n=256  d=2
found n= M:  p=41 t=HR o=I f=B r=1856  S=Fi3_StaImit000 n=48  d=2
found n= M:  p=41 t=HR o=I f=B r=1859  S=Fi3_StaImit048 n=16  d=2
found n= M:  p=41 t=HR o=I f=B r=1860  S=Fi3_StaImit064 n=192  d=2
found n= M:  p=41 t=HR o=I f=B r=1872  S=Fi3_StaTest000 n=48  d=2
found n= M:  p=41 t=HR o=I f=B r=1875  S=Fi3_StaTest048 n=16  d=2
found n= M:  p=41 t=HR o=I f=B r=1876  S=Fi3_StaTest064 n=192  d=2
found n= M:  p=41 t=HR o=I f=B r=1888  S=Fi3_StaProt000 n=48  d=2
found n= M:  p=41 t=HR o=I f=B r=1891  S=Fi3_StaProt048 n=16  d=2
found n= M:  p=41 t=HR o=I f=B r=1892  S=Fi3_StaProt064 n=192  d=2
found n= M:  p=41 t=HR o=I f=B r=1904  S=Fi3_StaTPro000 n=48  d=2
found n= M:  p=41 t=HR o=I f=B r=1907  S=Fi3_StaTPro048 n=16  d=2
found n= M:  p=41 t=HR o=I f=B r=1908  S=Fi3_StaTPro064 n=192  d=2
found n= M:  p=42 t=HR o=I f=B r=1920  S=Fi3_StaEvMs000 n=256  d=2
found n= M:  p=42 t=HR o=I f=B r=1936  S=Fi3_BStImit000 n=256  d=2
found n= M:  p=43 t=HR o=I f=B r=1984  S=Fi3_BStTest000 n=256  d=2
found n= M:  p=44 t=HR o=I f=B r=2016  S=Fi3_Fdd1EvMs000 n=256  d=2
found n= M:  p=44 t=HR o=I f=B r=2032  S=Fi3_BStProt000 n=256  d=2
found n= M:  p=45 t=HR o=I f=B r=2064  S=Fi3_Fdd2EvMs000 n=256  d=2
found n= M:  p=45 t=HR o=I f=B r=2080  S=Fi3_BStTPro000 n=256  d=2
found n= M:  p=41 t=HR o=I f=B r=2304  S=Fi3_StaPhysR00 n=16  d=2
found n= M:  p=41 t=HR o=I f=B r=2305  S=Fi3_StaPhys000 n=48  d=2
found n= M:  p=41 t=HR o=I f=B r=2308  S=Fi3_StaPhys048 n=192  d=2
found n= M:  p=41 t=HR o=I f=B r=2128  S=Fi3_Fp1EvMs000  n=64  d=2
found n= M:  p=41 t=HR o=I f=B r=2132  S=Fi3_Fp2EvMs000  n=64  d=2
found n= M:  p=41 t=HR o=I f=B r=2136  S=Fi3_Fp3EvMs000  n=64  d=2
found n= M:  p=41 t=HR o=I f=B r=2140  S=Fi3_Wp1EvMs000  n=64  d=2
found n= M:  p=41 t=HR o=I f=B r=2144  S=Fi3_Wp2EvMs000  n=64  d=2
found n= M:  p=41 t=HR o=I f=B r=2148  S=Fi3_Wp3EvMs000  n=64  d=2
found n= M:  p=41 t=HR o=I f=B r=2152  S=Fi3_Wp4EvMs000  n=64  d=2
found n= M:  p=41 t=HR o=I f=B r=2156  S=Fi3_Fe1EvMs000  n=64  d=2
found n= M:  p=41 t=HR o=I f=B r=2160  S=Fi3_Fe2EvMs000  n=64  d=2
found n= M:  p=41 t=HR o=I f=B r=2164  S=Fi3_Fe3EvMs000  n=64  d=2
found n= M:  p=41 t=HR o=I f=B r=2168  S=Fi3_We1EvMs000  n=64  d=2
found n= M:  p=41 t=HR o=I f=B r=2172  S=Fi3_We2EvMs000  n=64  d=2
found n= M:  p=41 t=HR o=I f=B r=2176  S=Fi3_We3EvMs000  n=64  d=2
found n= M:  p=41 t=HR o=I f=B r=2180  S=Fi3_Wa1EvMs000  n=64  d=2
found n= M:  p=41 t=HR o=I f=B r=2184  S=Fi3_Wa2EvMs000  n=64  d=2
found n= M:  p=41 t=HR o=I f=B r=2188  S=Fi3_Wc1EvMs000  n=64  d=2
found n= M:  p=41 t=HR o=I f=B r=2192  S=Fi3_Wc2EvMs000  n=64  d=2
found n= M:  p=41 t=HR o=I f=B r=2320  S=Fi3_GFB2_5___S1_B01 n=16  d=2
found n= M:  p=41 t=HR o=I f=B r=2321  S=Fi3_GFB2_5___S2_B01 n=16  d=2
found n= M:  p=41 t=HR o=I f=B r=2322  S=Fi3_GFB2_6___S1_B01 n=16  d=2
found n= M:  p=41 t=HR o=I f=B r=2323  S=Fi3_GFB2_6___S2_B01 n=16  d=2
found n= M:  p=41 t=HR o=I f=B r=2324  S=Fi3_GFB2_7___S1_B01 n=16  d=2
found n= M:  p=41 t=HR o=I f=B r=2325  S=Fi3_GFB2_7___S2_B01 n=16  d=2
found n= M:  p=41 t=HR o=I f=B r=2326  S=Fi3_GFB2_8___S1_B01 n=16  d=2
found n= M:  p=41 t=HR o=I f=B r=2327  S=Fi3_GFB2_8___S2_B01 n=16  d=2
found n= M:  p=41 t=HR o=I f=B r=2328  S=Fi3_GFB10_5__S1_B01 n=16  d=2
found n= M:  p=41 t=HR o=I f=B r=2329  S=Fi3_GFB10_5__S2_B01 n=16  d=2
found n= M:  p=41 t=HR o=I f=B r=2330  S=Fi3_GFB10_6__S1_B01 n=16  d=2
found n= M:  p=41 t=HR o=I f=B r=2331  S=Fi3_GFB10_6__S2_B01 n=16  d=2
found n= M:  p=41 t=HR o=I f=B r=2332  S=Fi3_GFB10_7__S1_B01 n=16  d=2
found n= M:  p=41 t=HR o=I f=B r=2333  S=Fi3_GFB10_7__S2_B01 n=16  d=2
found n= M:  p=41 t=HR o=I f=B r=2334  S=Fi3_GFB10_8__S1_B01 n=16  d=2
found n= M:  p=41 t=HR o=I f=B r=2335  S=Fi3_GFB10_8__S2_B01 n=16  d=2
found n= M:  p=41 t=HR o=I f=B r=2336  S=Fi3_GFB10_9__S1_B01 n=16  d=2
found n= M:  p=41 t=HR o=I f=B r=2337  S=Fi3_GFB10_9__S2_B01 n=16  d=2
found n= M:  p=41 t=HR o=I f=B r=2338  S=Fi3_GFB10_10_S1_B01 n=16  d=2
found n= M:  p=41 t=HR o=I f=B r=2339  S=Fi3_GFB10_10_S2_B01 n=16  d=2
found n= M:  p=41 t=HR o=I f=B r=2340  S=Fi3_GFB10_11_S1_B01 n=16  d=2
found n= M:  p=41 t=HR o=I f=B r=2341  S=Fi3_GFB10_11_S2_B01 n=16  d=2
found n= M:  p=41 t=HR o=I f=B r=2342  S=Fi3_GFB10_12_S1_B01 n=16  d=2
found n= M:  p=41 t=HR o=I f=B r=2343  S=Fi3_GFB10_12_S2_B01 n=16  d=2
found n= M:  p=41 t=HR o=I f=B r=2344  S=Fi3_GFB10_13_S1_B01 n=16  d=2
found n= M:  p=41 t=HR o=I f=B r=2345  S=Fi3_GFB10_13_S2_B01 n=16  d=2
found n= M:  p=41 t=HR o=I f=B r=2346  S=Fi3_GFB10_14_S1_B01 n=16  d=2
found n= M:  p=41 t=HR o=I f=B r=2347  S=Fi3_GFB10_14_S2_B01 n=16  d=2
found n= M:  p=41 t=HR o=I f=B r=2348  S=Fi3_GF3D1_1__S1_B01 n=16  d=2
found n= M:  p=41 t=HR o=I f=B r=2349  S=Fi3_GF3D1_1__S2_B01 n=16  d=2
found n= M:  p=41 t=HR o=I f=B r=2350  S=Fi3_GF3D1_2__S1_B01 n=16  d=2
found n= M:  p=41 t=HR o=I f=B r=2351  S=Fi3_GF3D1_2__S2_B01 n=16  d=2
found n= M:  p=41 t=HR o=I f=B r=2352  S=Fi3_GF3D2_1__S1_B01 n=16  d=2
found n= M:  p=41 t=HR o=I f=B r=2353  S=Fi3_GF3D2_1__S2_B01 n=16  d=2
found n= M:  p=41 t=HR o=I f=B r=2354  S=Fi3_GF3D2_2__S1_B01 n=16  d=2
found n= M:  p=41 t=HR o=I f=B r=2355  S=Fi3_GF3D2_2__S2_B01 n=16  d=2
found n= M:  p=41 t=HR o=I f=B r=2356  S=Fi3_GF3D3_1__S1_B01 n=16  d=2
found n= M:  p=41 t=HR o=I f=B r=2357  S=Fi3_GF3D3_1__S2_B01 n=16  d=2
found n= M:  p=41 t=HR o=I f=B r=2358  S=Fi3_GF3D4_1__S1_B01 n=16  d=2
found n= M:  p=41 t=HR o=I f=B r=2359  S=Fi3_GF3D4_1__S2_B01 n=16  d=2
found n= M:  p=41 t=HR o=I f=B r=2360  S=Fi3_GF3NR1___S1_B01 n=16  d=2
found n= M:  p=41 t=HR o=I f=B r=2361  S=Fi3_GF3NR1___S2_B01 n=16  d=2
found n= M:  p=41 t=HR o=I f=B r=2362  S=Fi3_GF3NR2___S1_B01 n=16  d=2
found n= M:  p=41 t=HR o=I f=B r=2363  S=Fi3_GF3NR2___S2_B01 n=16  d=2
found n= M:  p=41 t=HR o=I f=B r=2364  S=Fi3_GF3NR3___S1_B01 n=16  d=2
found n= M:  p=41 t=HR o=I f=B r=2365  S=Fi3_GF3NR3___S2_B01 n=16  d=2
found n= M:  p=41 t=HR o=I f=B r=2366  S=Fi3_GF3NV1___S1_B01 n=16  d=2
found n= M:  p=41 t=HR o=I f=B r=2367  S=Fi3_GF3NV1___S2_B01 n=16  d=2
found n= M:  p=41 t=HR o=I f=B r=2368  S=Fi3_GF3NV2___S1_B01 n=16  d=2
found n= M:  p=41 t=HR o=I f=B r=2369  S=Fi3_GF3NV2___S2_B01 n=16  d=2
found n= M:  p=41 t=HR o=I f=B r=2370  S=Fi3_GF3NV3___S1_B01 n=16  d=2
found n= M:  p=41 t=HR o=I f=B r=2371  S=Fi3_GF3NV3___S2_B01 n=16  d=2
found n= M:  p=41 t=HR o=I f=B r=2372  S=Fi3_GF3NV4___S1_B01 n=16  d=2
found n= M:  p=41 t=HR o=I f=B r=2373  S=Fi3_GF3NV4___S2_B01 n=16  d=2
found n= M:  p=41 t=HR o=I f=B r=2374  S=Fi3_GF3RP1___S1_B01 n=16  d=2
found n= M:  p=41 t=HR o=I f=B r=2375  S=Fi3_GF3RP1___S2_B01 n=16  d=2
found n= M:  p=41 t=HR o=I f=B r=2376  S=Fi3_GF3RP2___S1_B01 n=16  d=2
found n= M:  p=41 t=HR o=I f=B r=2377  S=Fi3_GF3RP2___S2_B01 n=16  d=2
found n= M:  p=41 t=HR o=I f=B r=2378  S=Fi3_GF3VP1___S1_B01 n=16  d=2
found n= M:  p=41 t=HR o=I f=B r=2379  S=Fi3_GF3VP1___S2_B01 n=16  d=2
found n= M:  p=41 t=HR o=I f=B r=2380  S=Fi3_GF3VP2___S1_B01 n=16  d=2
found n= M:  p=41 t=HR o=I f=B r=2381  S=Fi3_GF3VP2___S2_B01 n=16  d=2
found n= M:  p=41 t=HR o=I f=B r=2382  S=Fi3_GF3ZSN1_1S1_B01 n=16  d=2
found n= M:  p=41 t=HR o=I f=B r=2383  S=Fi3_GF3ZSN1_1S2_B01 n=16  d=2
found n= M:  p=41 t=HR o=I f=B r=2384  S=Fi3_GF3ZSN1_2S1_B01 n=16  d=2
found n= M:  p=41 t=HR o=I f=B r=2385  S=Fi3_GF3ZSN1_2S2_B01 n=16  d=2
found n= M:  p=41 t=HR o=I f=B r=2386  S=Fi3_GF3ZSN2_1S1_B01 n=16  d=2
found n= M:  p=41 t=HR o=I f=B r=2387  S=Fi3_GF3ZSN2_1S2_B01 n=16  d=2
found n= M:  p=41 t=HR o=I f=B r=2388  S=Fi3_GF3ZSN2_2S1_B01 n=16  d=2
found n= M:  p=41 t=HR o=I f=B r=2389  S=Fi3_GF3ZSN2_2S2_B01 n=16  d=2
found n= M:  p=41 t=HR o=I f=B r=2390  S=Fi3_GFP_1____S1_B01 n=16  d=2
found n= M:  p=41 t=HR o=I f=B r=2391  S=Fi3_GFP_1____S2_B01 n=16  d=2
found n= M:  p=41 t=HR o=I f=B r=2392  S=Fi3_GFP_2____S1_B01 n=16  d=2
found n= M:  p=41 t=HR o=I f=B r=2393  S=Fi3_GFP_2____S2_B01 n=16  d=2
found n= M:  p=41 t=HR o=I f=B r=2394  S=Fi3_GFP_3____S1_B01 n=16  d=2
found n= M:  p=41 t=HR o=I f=B r=2395  S=Fi3_GFP_3____S2_B01 n=16  d=2
found n= M:  p=41 t=HR o=I f=B r=2396  S=Fi3_GFP_4____S1_B01 n=16  d=2
found n= M:  p=41 t=HR o=I f=B r=2397  S=Fi3_GFP_4____S2_B01 n=16  d=2
found n= M:  p=41 t=HR o=I f=B r=2398  S=Fi3_GFR039___S1_B01 n=16  d=2
found n= M:  p=41 t=HR o=I f=B r=2399  S=Fi3_GFR039___S2_B01 n=16  d=2
found n= M:  p=41 t=HR o=I f=B r=2400  S=Fi3_GFR040___S1_B01 n=16  d=2
found n= M:  p=41 t=HR o=I f=B r=2401  S=Fi3_GFR040___S2_B01 n=16  d=2
found n= M:  p=41 t=HR o=I f=B r=2402  S=Fi3_GFR041___S1_B01 n=16  d=2
found n= M:  p=41 t=HR o=I f=B r=2403  S=Fi3_GFR041___S2_B01 n=16  d=2
found n= M:  p=41 t=HR o=I f=B r=2404  S=Fi3_GFR042___S1_B01 n=16  d=2
found n= M:  p=41 t=HR o=I f=B r=2405  S=Fi3_GFR042___S2_B01 n=16  d=2
found n= M:  p=41 t=HR o=I f=B r=2406  S=Fi3_GFR043___S1_B01 n=16  d=2
found n= M:  p=41 t=HR o=I f=B r=2407  S=Fi3_GFR043___S2_B01 n=16  d=2
found n= M:  p=41 t=HR o=I f=B r=2408  S=Fi3_GFR044___S1_B01 n=16  d=2
found n= M:  p=41 t=HR o=I f=B r=2409  S=Fi3_GFR044___S2_B01 n=16  d=2
found n= M:  p=41 t=HR o=I f=B r=2410  S=Fi3_GFR045___S1_B01 n=16  d=2
found n= M:  p=41 t=HR o=I f=B r=2411  S=Fi3_GFR045___S2_B01 n=16  d=2
found n= M:  p=41 t=HR o=I f=B r=2412  S=Fi3_GFR046___S1_B01 n=16  d=2
found n= M:  p=41 t=HR o=I f=B r=2413  S=Fi3_GFR046___S2_B01 n=16  d=2
found n= M:  p=41 t=HR o=I f=B r=2414  S=Fi3_GFR047___S1_B01 n=16  d=2
found n= M:  p=41 t=HR o=I f=B r=2415  S=Fi3_GFR047___S2_B01 n=16  d=2
found n= M:  p=41 t=HR o=I f=B r=2416  S=Fi3_GFR048___S1_B01 n=16  d=2
found n= M:  p=41 t=HR o=I f=B r=2417  S=Fi3_GFR048___S2_B01 n=16  d=2
found n= M:  p=41 t=HR o=I f=B r=2418  S=Fi3_GFR049___S1_B01 n=16  d=2
found n= M:  p=41 t=HR o=I f=B r=2419  S=Fi3_GFR049___S2_B01 n=16  d=2
found n= M:  p=41 t=HR o=I f=B r=2420  S=Fi3_GFR050___S1_B01 n=16  d=2
found n= M:  p=41 t=HR o=I f=B r=2421  S=Fi3_GFR050___S2_B01 n=16  d=2
found n= M:  p=41 t=HR o=I f=B r=2422  S=Fi3_GFR051___S1_B01 n=16  d=2
found n= M:  p=41 t=HR o=I f=B r=2423  S=Fi3_GFR051___S2_B01 n=16  d=2
found n= M:  p=41 t=HR o=I f=B r=2424  S=Fi3_GFR052___S1_B01 n=16  d=2
found n= M:  p=41 t=HR o=I f=B r=2425  S=Fi3_GFR052___S2_B01 n=16  d=2
found n= M:  p=41 t=HR o=I f=B r=2426  S=Fi3_GFR053___S1_B01 n=16  d=2
found n= M:  p=41 t=HR o=I f=B r=2427  S=Fi3_GFR053___S2_B01 n=16  d=2
found n= M:  p=41 t=HR o=I f=B r=2428  S=Fi3_GFR054___S1_B01 n=16  d=2
found n= M:  p=41 t=HR o=I f=B r=2429  S=Fi3_GFR054___S2_B01 n=16  d=2
found n= M:  p=41 t=HR o=I f=B r=2430  S=Fi3_GFR055___S1_B01 n=16  d=2
found n= M:  p=41 t=HR o=I f=B r=2431  S=Fi3_GFR055___S2_B01 n=16  d=2
found n= M:  p=41 t=HR o=I f=B r=2432  S=Fi3_GFR056___S1_B01 n=16  d=2
found n= M:  p=41 t=HR o=I f=B r=2433  S=Fi3_GFR056___S2_B01 n=16  d=2
found n= M:  p=41 t=HR o=I f=B r=2434  S=Fi3_GFR057___S1_B01 n=16  d=2
found n= M:  p=41 t=HR o=I f=B r=2435  S=Fi3_GFR057___S2_B01 n=16  d=2
found n= M:  p=41 t=HR o=I f=B r=2436  S=Fi3_GFR058___S1_B01 n=16  d=2
found n= M:  p=41 t=HR o=I f=B r=2437  S=Fi3_GFR058___S2_B01 n=16  d=2
found n= M:  p=41 t=HR o=I f=B r=2438  S=Fi3_GFR059___S1_B01 n=16  d=2
found n= M:  p=41 t=HR o=I f=B r=2439  S=Fi3_GFR059___S2_B01 n=16  d=2
found n= M:  p=41 t=HR o=I f=B r=2440  S=Fi3_GFR060___S1_B01 n=16  d=2
found n= M:  p=41 t=HR o=I f=B r=2441  S=Fi3_GFR060___S2_B01 n=16  d=2
found n= M:  p=41 t=HR o=I f=B r=2442  S=Fi3_GFR061___S1_B01 n=16  d=2
found n= M:  p=41 t=HR o=I f=B r=2443  S=Fi3_GFR061___S2_B01 n=16  d=2
found n= M:  p=42 t=HR o=I f=B r=2444  S=Fi3_GFR062___S1_B01 n=16  d=2
found n= M:  p=42 t=HR o=I f=B r=2445  S=Fi3_GFR062___S2_B01 n=16  d=2
found n= M:  p=42 t=HR o=I f=B r=2446  S=Fi3_GFR063___S1_B01 n=16  d=2
found n= M:  p=42 t=HR o=I f=B r=2447  S=Fi3_GFR063___S2_B01 n=16  d=2
found n= M:  p=42 t=HR o=I f=B r=3278  S=Fi3_AStMask000 n=48  d=2
found n= M:  p=42 t=HR o=I f=B r=3281  S=Fi3_AStMask048 n=16  d=2
found n= M:  p=42 t=HR o=I f=B r=3282  S=Fi3_AStMask064 n=192  d=2
found n= M:  p=43 t=HR o=I f=B r=3310  S=Fi3_AStImit000 n=48  d=2
found n= M:  p=43 t=HR o=I f=B r=3313  S=Fi3_AStImit048 n=16  d=2
found n= M:  p=43 t=HR o=I f=B r=3314  S=Fi3_AStImit064 n=192  d=2
found n= M:  p=43 t=HR o=I f=B r=3326  S=Fi3_AStTest000 n=48  d=2
found n= M:  p=43 t=HR o=I f=B r=3329  S=Fi3_AStTest048 n=16  d=2
found n= M:  p=43 t=HR o=I f=B r=3330  S=Fi3_AStTest064 n=192  d=2
found n= M:  p=43 t=HR o=I f=B r=3342  S=Fi3_AStProt000 n=48  d=2
found n= M:  p=43 t=HR o=I f=B r=3345  S=Fi3_AStProt048 n=16  d=2
found n= M:  p=43 t=HR o=I f=B r=3346  S=Fi3_AStProt064 n=192  d=2
found n= M:  p=43 t=HR o=I f=B r=3358  S=Fi3_AStTPro000 n=48  d=2
found n= M:  p=43 t=HR o=I f=B r=3361  S=Fi3_AStTPro048 n=16  d=2
found n= M:  p=43 t=HR o=I f=B r=3362  S=Fi3_AStTPro064 n=192  d=2
found n= M:  p=43 t=HR o=I f=B r=3374  S=Fi3_AStEvMs000 n=256  d=2
found n= M:  p=44 t=HR o=I f=B r=3422  S=Fi3_BStEvMs000 n=256  d=2
found n= M:  p=45 t=HR o=I f=B r=3582  S=Fi3_FASPStaW040B01 n=16  d=2
found n= M:  p=45 t=HR o=I f=B r=3583  S=Fi3_FASPStaW041B01 n=16  d=2
found n= M:  p=45 t=HR o=I f=B r=3584  S=Fi3_FASPStaW042B01 n=16  d=2
found n= M:  p=45 t=HR o=I f=B r=3585  S=Fi3_FASPStaW043B01 n=16  d=2
found n= M:  p=45 t=HR o=I f=B r=3586  S=Fi3_FASPStaW044B01 n=16  d=2
found n= M:  p=45 t=HR o=I f=B r=3587  S=Fi3_FASPStaW045B01 n=16  d=2
found n= M:  p=45 t=HR o=I f=B r=3588  S=Fi3_FASPStaW046B01 n=16  d=2
found n= M:  p=45 t=HR o=I f=B r=3589  S=Fi3_FASPStaW047B01 n=16  d=2
found n= M:  p=45 t=HR o=I f=B r=3590  S=Fi3_FASPStaW048B01 n=16  d=2
found n= M:  p=45 t=HR o=I f=B r=3591  S=Fi3_FASPStaW049B01 n=16  d=2
found n= M:  p=45 t=HR o=I f=B r=3592  S=Fi3_FASPStaW050B01 n=16  d=2
found n= M:  p=45 t=HR o=I f=B r=3593  S=Fi3_FASPStaW051B01 n=16  d=2
found n= M:  p=45 t=HR o=I f=B r=3594  S=Fi3_FASPStaW052B01 n=16  d=2
found n= M:  p=45 t=HR o=I f=B r=3595  S=Fi3_FASPStaW053B01 n=16  d=2
found n= M:  p=45 t=HR o=I f=B r=3596  S=Fi3_FASPStaW054B01 n=16  d=2
found n= M:  p=45 t=HR o=I f=B r=3597  S=Fi3_FASPStaW055B01 n=16  d=2
found n= M:  p=45 t=HR o=I f=B r=3598  S=Fi3_FE01TEvMs000 n=128  d=2
found n= M:  p=45 t=HR o=I f=B r=3606  S=Fi3_FASPStaW020B01 n=16  d=2
found n= M:  p=45 t=HR o=I f=B r=3607  S=Fi3_FE01TEvMs144 n=16  d=2
found n= M:  p=45 t=HR o=I f=B r=3608  S=Fi3_FE01TEvMs160 n=16  d=2
found n= M:  p=45 t=HR o=I f=B r=3609  S=Fi3_FE01TEvMs176 n=16  d=2
found n= M:  p=45 t=HR o=I f=B r=3610  S=Fi3_FE01TEvMs192 n=16  d=2
found n= M:  p=45 t=HR o=I f=B r=3611  S=Fi3_FE01TEvMs208 n=16  d=2
found n= M:  p=45 t=HR o=I f=B r=3612  S=Fi3_FE01TEvMs224 n=16  d=2
found n= M:  p=45 t=HR o=I f=B r=3613  S=Fi3_FE01TEvMs240 n=16  d=2
found n= M:  p=45 t=HR o=I f=B r=3614  S=Fi3_FASPStaW000B01 n=16  d=2
found n= M:  p=45 t=HR o=I f=B r=3615  S=Fi3_FASPStaW001B01 n=16  d=2
found n= M:  p=45 t=HR o=I f=B r=3616  S=Fi3_FASPStaW002B01 n=16  d=2
found n= M:  p=45 t=HR o=I f=B r=3617  S=Fi3_FASPStaW003B01 n=16  d=2
found n= M:  p=45 t=HR o=I f=B r=3618  S=Fi3_FASPStaW004B01 n=16  d=2
found n= M:  p=45 t=HR o=I f=B r=3619  S=Fi3_FASPStaW005B01 n=16  d=2
found n= M:  p=45 t=HR o=I f=B r=3620  S=Fi3_FASPStaW006B01 n=16  d=2
found n= M:  p=45 t=HR o=I f=B r=3621  S=Fi3_FASPStaW007B01 n=16  d=2
found n= M:  p=45 t=HR o=I f=B r=3622  S=Fi3_FASPStaW008B01 n=16  d=2
found n= M:  p=45 t=HR o=I f=B r=3623  S=Fi3_FASPStaW009B01 n=16  d=2
found n= M:  p=45 t=HR o=I f=B r=3624  S=Fi3_FASPStaW010B01 n=16  d=2
found n= M:  p=45 t=HR o=I f=B r=3625  S=Fi3_FASPStaW011B01 n=16  d=2
found n= M:  p=45 t=HR o=I f=B r=3626  S=Fi3_FASPStaW012B01 n=16  d=2
found n= M:  p=45 t=HR o=I f=B r=3627  S=Fi3_FASPStaW013B01 n=16  d=2
found n= M:  p=45 t=HR o=I f=B r=3628  S=Fi3_FASPStaW014B01 n=16  d=2
found n= M:  p=45 t=HR o=I f=B r=3629  S=Fi3_FASPStaW015B01 n=16  d=2
found n= M:  p=45 t=HR o=I f=B r=3630  S=Fi3_FASInpInfB01 n=16  d=2
found n= M:  p=45 t=HR o=I f=B r=3631  S=Fi3_T23EvMs016 n=48  d=2
found n= M:  p=45 t=HR o=I f=B r=3634  S=Fi3_FASSoundInfB01 n=16  d=2
found n= M:  p=45 t=HR o=I f=B r=3635  S=Fi3_T23EvMs080 n=48  d=2
found n= M:  p=45 t=HR o=I f=B r=3638  S=Fi3_FASStatusB01 n=16  d=2
found n= M:  p=45 t=HR o=I f=B r=3639  S=Fi3_T23EvMs144 n=112  d=2
found n= M:  p=45 t=HR o=I f=B r=3646  S=Fi3_G100_We1StatB01 n=16  d=2
found n= M:  p=45 t=HR o=I f=B r=3647  S=Fi3_G100_We2StatB01 n=16  d=2
found n= M:  p=45 t=HR o=I f=B r=3648  S=Fi3_G100_We3StatB01 n=16  d=2
found n= M:  p=45 t=HR o=I f=B r=3649  S=Fi3_G100_Fe1StatB01 n=16  d=2
found n= M:  p=45 t=HR o=I f=B r=3650  S=Fi3_G100_Fe2StatB01 n=16  d=2
found n= M:  p=45 t=HR o=I f=B r=3651  S=Fi3_G100_Fe3StatB01 n=16  d=2
found n= M:  p=45 t=HR o=I f=B r=3652  S=Fi3_T24EvMs096 n=128  d=2
found n= M:  p=45 t=HR o=I f=B r=3660  S=Fi3_G100_1WarnB01 n=16  d=2
found n= M:  p=45 t=HR o=I f=B r=3661  S=Fi3_G100_1AlarmB01 n=16  d=2
found n= M:  p=45 t=HR o=I f=B r=3662  S=Fi3_G100_Wp1StatB01 n=16  d=2
found n= M:  p=45 t=HR o=I f=B r=3663  S=Fi3_G100_Wp2StatB01 n=16  d=2
found n= M:  p=45 t=HR o=I f=B r=3664  S=Fi3_G100_Wp3StatB01 n=16  d=2
found n= M:  p=45 t=HR o=I f=B r=3665  S=Fi3_G100_Wp4StatB01 n=16  d=2
found n= M:  p=45 t=HR o=I f=B r=3666  S=Fi3_G100_Fp1StatB01 n=16  d=2
found n= M:  p=45 t=HR o=I f=B r=3667  S=Fi3_G100_Fp2StatB01 n=16  d=2
found n= M:  p=45 t=HR o=I f=B r=3668  S=Fi3_G100_Fp3StatB01 n=16  d=2
found n= M:  p=45 t=HR o=I f=B r=3669  S=Fi3_G100_Wa1StatB01 n=16  d=2
found n= M:  p=45 t=HR o=I f=B r=3670  S=Fi3_G100_Wa2StatB01 n=16  d=2
found n= M:  p=45 t=HR o=I f=B r=3671  S=Fi3_G100_Wc1StatB01 n=16  d=2
found n= M:  p=45 t=HR o=I f=B r=3672  S=Fi3_G100_Wc2StatB01 n=16  d=2
found n= M:  p=45 t=HR o=I f=B r=3673  S=Fi3_T25EvMs176 n=48  d=2
found n= M:  p=45 t=HR o=I f=B r=3676  S=Fi3_G100_2WarnB01 n=16  d=2
found n= M:  p=45 t=HR o=I f=B r=3677  S=Fi3_G100_2AlarmB01 n=16  d=2
found n= M:  p=41 t=HR o=I f=B r=3710  S=Fi3_RemOT1S000 n=256  d=2
found n= M:  p=41 t=HR o=I f=B r=3726  S=Fi3_RemOT2S000 n=256  d=2
found n= M:  p=41 t=HR o=I f=B r=3742  S=Fi3_ChangeS000 n=256  d=2
found o=Iw and FUNC: ELSE Q0;: commenting object OBJ: Fi3_DutyWrite
inserting o=O objects in "always_write" mode
found o=Iw and FUNC: ELSE Q0;: commenting object OBJ: Fi3_ControlWrite
inserting o=O objects in "always_write" mode
found o=Iw and FUNC: ELSE Q0;: commenting object OBJ: Fi3_OtherWrite
inserting o=O objects in "always_write" mode
found o=Iw and FUNC: ELSE Q0;: commenting object OBJ: Fi3_GVControlWrite
inserting o=O objects in "always_write" mode
found o=Iw and FUNC: ELSE Q0;: commenting object OBJ: Fi3_AnalogControlWrite
inserting o=O objects in "always_write" mode
found o=Iw and not found FUNC: ELSE Q0;: changing object OBJ: Fi3_Timer1
inserting o=O objects in "always_writeS" mode
found o=Iw and not found FUNC: ELSE Q0;: changing object OBJ: Fi3_Timer2
inserting o=O objects in "always_writeS" mode
found o=Iw and not found FUNC: ELSE Q0;: changing object OBJ: Fi3_GVTypeDescriptors
inserting o=O objects in "always_writeS" mode
found o=Iw and not found FUNC: ELSE Q0;: changing object OBJ: Fi3_AnalogParameter(208)
inserting o=O objects in "always_writeS" mode
found o=Iw and not found FUNC: ELSE Q0;: changing object OBJ: Fi3_AnalogParameter(209)
inserting o=O objects in "always_writeS" mode
found o=Iw and not found FUNC: ELSE Q0;: changing object OBJ: Fi3_AnalogParameter(210)
inserting o=O objects in "always_writeS" mode
found o=Iw and not found FUNC: ELSE Q0;: changing object OBJ: Fi3_AnalogParameter(211)
inserting o=O objects in "always_writeS" mode
found o=Iw and not found FUNC: ELSE Q0;: changing object OBJ: Fi3_AnalogParameter(212)
inserting o=O objects in "always_writeS" mode
found o=Iw and not found FUNC: ELSE Q0;: changing object OBJ: Fi3_AnalogParameter(213)
inserting o=O objects in "always_writeS" mode
found o=Iw and not found FUNC: ELSE Q0;: changing object OBJ: Fi3_AnalogParameter(214)
inserting o=O objects in "always_writeS" mode
found o=Iw and not found FUNC: ELSE Q0;: changing object OBJ: Fi3_AnalogParameter(215)
inserting o=O objects in "always_writeS" mode
found o=Iw and not found FUNC: ELSE Q0;: changing object OBJ: Fi3_AnalogParameter(216)
inserting o=O objects in "always_writeS" mode
found o=Iw and not found FUNC: ELSE Q0;: changing object OBJ: Fi3_AnalogParameter(217)
inserting o=O objects in "always_writeS" mode
found o=Iw and not found FUNC: ELSE Q0;: changing object OBJ: Fi3_AnalogParameter(218)
inserting o=O objects in "always_writeS" mode
found o=Iw and not found FUNC: ELSE Q0;: changing object OBJ: Fi3_AnalogParameter(219)
inserting o=O objects in "always_writeS" mode
found o=Iw and not found FUNC: ELSE Q0;: changing object OBJ: Fi3_AnalogParameter(220)
inserting o=O objects in "always_writeS" mode
found o=Iw and not found FUNC: ELSE Q0;: changing object OBJ: Fi3_AnalogParameter(221)
inserting o=O objects in "always_writeS" mode
found o=Iw and not found FUNC: ELSE Q0;: changing object OBJ: Fi3_AnalogParameter(222)
inserting o=O objects in "always_writeS" mode
found o=Iw and not found FUNC: ELSE Q0;: changing object OBJ: Fi3_AnalogParameter(223)
inserting o=O objects in "always_writeS" mode
found o=Iw and not found FUNC: ELSE Q0;: changing object OBJ: Fi3_AnalogParameter(224)
inserting o=O objects in "always_writeS" mode
found o=Iw and not found FUNC: ELSE Q0;: changing object OBJ: Fi3_AnalogParameter(225)
inserting o=O objects in "always_writeS" mode
found o=Iw and not found FUNC: ELSE Q0;: changing object OBJ: Fi3_AnalogParameter(226)
inserting o=O objects in "always_writeS" mode
found o=Iw and not found FUNC: ELSE Q0;: changing object OBJ: Fi3_AnalogParameter(227)
inserting o=O objects in "always_writeS" mode
found o=Iw and FUNC: ELSE Q0;: commenting object OBJ: Fi3_TFDutyWrite
inserting o=O objects in "always_write" mode
mbtIw2O:  /prim_fi/mbtcp/mbtcp1.txt.Iw to /prim_fi/mbtcp/mbtcp1_dyn.txt.preqm done
0 errors, 0 warnings
D-mon Modbus TCP Compiler V5.11.0.1 (ScadaSys Ltd.)
  0%  1%  2%  3%  4%  5%  6%  7%  8%  9% 10% 11% 12% 13% 14% 15% 16% 17% 18% 19% 20% 21% 22% 23% 24% 25% 26% 27% 28% 29% 30% 31% 32% 33% 34% 35% 36% 37% 38% 39% 40% 41% 42% 43% 44% 45% 46% 47% 48% 49% 50% 51% 52% 53% 54% 55% 56% 57% 58% 59% 60% 61% 62% 63% 64% 65% 66% 67% 68% 69% 70% 71% 72% 73% 74% 75% 76% 77% 78% 79% 80% 81% 82% 83% 84% 85% 86% 87% 88% 89% 90% 91% 92% 93% 94% 95% 96% 97% 98% 99%DmMbtcpComp: Compilation Succeeded
