C1: ELSE P0;

#--- misc ---
Q1:   *%D %T


#--- 7.1Cxxx ---
Q10:   #7.1C1


:STRT
:BODY
#      ^*%d.%m.%y^   ^*%T      ^
      ^%Q1                   ^

                                       КАРТА ВРЕМЕННЫХ УСТАВОК ПОЖАРОТУШЕНИЯ

|-------|-------------------------------------------------------------------------------------------|--------|
|ИДЕНТИ |                                   Н  А  З  Н  А  Ч  Е  Н  И  Е                            |УСТАВКА |
|ФИКАТОР|                                                                                           |  (c)   |
|-------|-------------------------------------------------------------------------------------------|--------|
|       |                                                                                           |        |
:PARL: P0=Fi_H090
|H090   | Выдеpжка вpемени на автоматическое отключение насосов пожаротушения УУН после их          |^%Q10 ^ |
|       | автоматического включени                                                                  |        |
|       |                                                                                           |        |
:PARL: P0=Fi_H091
|H091   | Выдеpжка вpемени на автоматическое включение насоса пожаротушения УУН после обнаружения   |^%Q10 ^ |
|       | пожара                                                                                    |        |
|       |                                                                                           |        |
:PARL: P0=Fi_H092
|H092   | Выдеpжка вpемени на автоматическое включение насоса пожаротушения после обнаружения       |^%Q10 ^ |
|       | пожара в резервуарном парке                                                               |        |
|       |                                                                                           |        |
:PARL: P0=Fi_H093
|H093   | Выдеpжка вpемени на автоматическое включение следующего насоса пожаротушения после        |^%Q10 ^ |
|       | подачи команды на включение предыдущего насоса                                            |        |
|       |                                                                                           |        |
:PARL: P0=Fi_H094
|H094   | Выдеpжка вpемени на автоматическое отключение насосов пожаротушения после их              |^%Q10 ^ |
|       | автоматического включения по пожару в резервуарном парке                                  |        |
|       |                                                                                           |        |
:PARL: P0=Fi_H095
|H095   | Выдеpжка вpемени на автоматическое включение насоса пожаротушения после обнаружения       |^%Q10 ^ |
|       | пожара на нефтепричале                                                                    |        |
|       |                                                                                           |        |
:PARL: P0=Fi_H096
|H096   | Выдеpжка вpемени на автоматическое отключение насосов пожаротушения после их              |^%Q10 ^ |
|       | автоматического включения по пожару на нефтепричале                                       |        |
|       |                                                                                           |        |
:PARL: P0=Fi_H715
|H715   | Выдеpжка вpемени на открытие пожарной задвижки у УУН (может не использоватьс)             |^%Q10 ^ |
|       |                                                                                           |        |
:PARL: P0=Fi_H009
|H009   | Выдеpжка вpемени от подачи команды управления на исполнительный механизм до срабатывания  |^%Q10 ^ |
|       | (отпуская) магнитного пускателя (МП)                                                      |        |
|       |                                                                                           |        |
:PARL: P0=Fi_H010
|H010   | Максимальная выдержка времени для восстановления напряжения на шинах для АПВ агрегатов    |^%Q10 ^ |
|       | вспомогательных систем                                                                    |        |
|       |                                                                                           |        |
:PARL: P0=Fi_H107
|H107   | Выдеpжка вpемени на контpоль сpабатывания (отпускания) масляного выключателя (МВ)         |^%Q10 ^ |
|       |                                                                                           |        |
:PARL: P0=Fi_H120
|H120   | Время, через которое фиксируется неисправность цепей управления МВ                        |^%Q10 ^ |
|       |                                                                                           |        |
:PARL: P0=Fi_H701
|H701   | Выдеpжка вpемени на создание давления на выходе насоса пожаротушения после включения МВ   |^%Q10 ^ |
|       |                                                                                           |        |
:PARL: P0=Fi_H702
|H702   | Выдеpжка вpемени на подъем давления у работавшего насоса пожаротушения, если его          |^%Q10 ^ |
|       | снижение произошло от случайной причины                                                   |        |
|       |                                                                                           |        |
:PARL: P0=Fi_H703
|H703   | Выдеpжка вpемени на снижение давления на выходе насоса пожаротушения после отключения МВ  |^%Q10 ^ |
|       |                                                                                           |        |
:PARL: P0=Fi_H704
|H704   | Выдеpжка вpемени на создание давления на выходе резервного насоса пожаротушения после     |^%Q10 ^ |
|       | включения МВ при работавшей системе пожаротушения и отсутствии АПВ у основного            |        |
|       |                                                                                           |        |
:PARL: P0=Fi_H711
|H711   | Выдеpжка вpемени на создание давления на выходе насоса пожаротушения 5 после включения    |^%Q10 ^ |
|       | МП                                                                                        |        |
|       |                                                                                           |        |
:PARL: P0=Fi_H712
|H712   | Выдеpжка вpемени на подъем давления у работавшего насоса пожаротушения 5, если его        |^%Q10 ^ |
|       | снижение произошло от случайной причины                                                   |        |
|       |                                                                                           |        |
:PARL: P0=Fi_H713
|H713   | Выдеpжка вpемени на снижение давления на выходе насоса пожаротушения 5 после отключения   |^%Q10 ^ |
|       | МП                                                                                        |        |
|       |                                                                                           |        |
|-------|-------------------------------------------------------------------------------------------|--------|


      ^%Q1                   ^
                                       КАРТА ВРЕМЕННЫХ УСТАВОК ПОЖАРОТУШЕНИЯ 2

|-------|-------------------------------------------------------------------------------------------|--------|
|ИДЕНТИ |                                   Н  А  З  Н  А  Ч  Е  Н  И  Е                            |УСТАВКА |
|ФИКАТОР|                                                                                           |  (c)   |
|-------|-------------------------------------------------------------------------------------------|--------|
|       |                                                                                           |        |
:PARL: P0=Fi2_H009
|H009   | Выдеpжка вpемени от подачи команды управления на исполнительный механизм до срабатывания  |^%Q10 ^ |
|       | (отпуская) магнитного пускателя (МП)                                                      |        |
|       |                                                                                           |        |
:PARL: P0=Fi2_H010
|H010   | Максимальная выдержка времени для восстановления напряжения на шинах для АПВ агрегатов    |^%Q10 ^ |
|       | вспомогательных систем                                                                    |        |
|       |                                                                                           |        |
:PARL: P0=Fi2_H092
|H092   | Выдеpжка вpемени на автоматическое включение насоса пожаротушения после обнаружения       |^%Q10 ^ |
|       | пожара в резервуарном парке                                                               |        |
|       |                                                                                           |        |
:PARL: P0=Fi2_H093
|H093   | Выдеpжка вpемени на автоматическое включение следующего насоса пожаротушения после        |^%Q10 ^ |
|       | подачи команды на включение предыдущего насоса (должен быть больше чем H701 мин. на 1     |        |
|       | с.)                                                                                       |        |
|       |                                                                                           |        |
:PARL: P0=Fi2_H094
|H094   | Выдеpжка вpемени на автоматическое отключение насосов пожаротушения после их              |^%Q10 ^ |
|       | автоматического включения по пожару в резервуарном парке                                  |        |
|       |                                                                                           |        |
:PARL: P0=Fi2_H107
|H107   | Выдеpжка вpемени на контpоль сpабатывания (отпускания) масляного выключателя (МВ)         |^%Q10 ^ |
|       |                                                                                           |        |
:PARL: P0=Fi2_H120
|H120   | Время, через которое фиксируется неисправность цепей управления МВ                        |^%Q10 ^ |
|       |                                                                                           |        |
:PARL: P0=Fi2_H192
|H192   | Выдеpжка вpемени на автоматическое включение насоса пожаротушения после обнаружения       |^%Q10 ^ |
|       | пожара в резервуарном парке                                                               |        |
|       |                                                                                           |        |
:PARL: P0=Fi2_H193
|H193   | Выдеpжка вpемени на автоматическое включение следующего насоса пожаротушения после        |^%Q10 ^ |
|       | подачи команды на включение предыдущего насоса (должен быть больше чем H701 мин. на 1     |        |
|       | с.)                                                                                       |        |
|       |                                                                                           |        |
:PARL: P0=Fi2_H194
|H194   | Выдеpжка вpемени на автоматическое отключение насосов пожаротушения после их              |^%Q10 ^ |
|       | автоматического включения по пожару в резервуарном парке                                  |        |
|       |                                                                                           |        |
:PARL: P0=Fi2_H711
|H711   | Выдеpжка вpемени на создание давления на выходе насоса пожаротушения после включения МВ   |^%Q10 ^ |
|       |                                                                                           |        |
:PARL: P0=Fi2_H712
|H712   | Выдеpжка вpемени на подъем давления у работавшего насоса пожаротушения, если его          |^%Q10 ^ |
|       | снижение произошло от случайной причины                                                   |        |
|       |                                                                                           |        |
:PARL: P0=Fi2_H713
|H713   | Выдеpжка вpемени на снижение давления на выходе насоса пожаротушения после отключения МВ  |^%Q10 ^ |
|       |                                                                                           |        |
:PARL: P0=Fi2_H714
|H714   | Выдеpжка вpемени на создание давления на выходе резервного насоса пожаротушения после     |^%Q10 ^ |
|       | включения МВ при работавшей системе пожаротушения и отсутствии АПВ у основного            |        |
|       |                                                                                           |        |
:PARL: P0=Fi2_H716
|H716   | Выдеpжка вpемени на создание давления на выходе насоса пожаротушения после включения МВ   |^%Q10 ^ |
|       |                                                                                           |        |
:PARL: P0=Fi2_H717
|H717   | Выдеpжка вpемени на подъем давления у работавшего насоса пожаротушения, если его          |^%Q10 ^ |
|       | снижение произошло от случайной причины                                                   |        |
|       |                                                                                           |        |
:PARL: P0=Fi2_H718
|H718   | Выдеpжка вpемени на снижение давления на выходе насоса пожаротушения после отключения МВ  |^%Q10 ^ |
|       |                                                                                           |        |
:PARL: P0=Fi2_H719
|H719   | Выдеpжка вpемени на создание давления на выходе резервного насоса пожаротушения после     |^%Q10 ^ |
|       | включения МВ при работавшей системе пожаротушения и отсутствии АПВ у основного            |        |
|       |                                                                                           |        |
|-------|-------------------------------------------------------------------------------------------|--------|


:STOP
